#
# There is insufficient memory for the Java Runtime Environment to continue.
# Native memory allocation (malloc) failed to allocate 32744 bytes for ChunkPool::allocate
# Possible reasons:
#   The system is out of physical RAM or swap space
#   The process is running with CompressedOops enabled, and the Java Heap may be blocking the growth of the native heap
# Possible solutions:
#   Reduce memory load on the system
#   Increase physical memory or swap space
#   Check if swap backing store is full
#   Decrease Java heap size (-Xmx/-Xms)
#   Decrease number of Java threads
#   Decrease Java thread stack sizes (-Xss)
#   Set larger code cache with -XX:ReservedCodeCacheSize=
#   JVM is running with Unscaled Compressed Oops mode in which the Java heap is
#     placed in the first 4GB address space. The Java Heap base address is the
#     maximum limit for the native heap growth. Please use -XX:HeapBaseMinAddress
#     to set the Java Heap base and to place the Java Heap above 4GB virtual address.
# This output file may be truncated or incomplete.
#
#  Out of Memory Error (arena.cpp:79), pid=11460, tid=15424
#
# JRE version: OpenJDK Runtime Environment (16.0.2+7) (build 16.0.2+7-67)
# Java VM: OpenJDK 64-Bit Server VM (16.0.2+7-67, mixed mode, sharing, tiered, compressed oops, compressed class ptrs, g1 gc, windows-amd64)
# No core dump will be written. Minidumps are not enabled by default on client versions of Windows
#

---------------  S U M M A R Y ------------

Command Line: -javaagent:C:\Program Files\JetBrains\IntelliJ IDEA Community Edition 2021.1.3\lib\idea_rt.jar=50139:C:\Program Files\JetBrains\IntelliJ IDEA Community Edition 2021.1.3\bin -Dfile.encoding=UTF-8 com.bootcamp.CarAgency.CarAgencyApplication

Host: Intel(R) Core(TM) i3-7020U CPU @ 2.30GHz, 4 cores, 7G,  Windows 10 , 64 bit Build 19041 (10.0.19041.1202)
Time: Tue Oct 12 01:24:52 2021 Central Europe Daylight Time elapsed time: 9.502870 seconds (0d 0h 0m 9s)

---------------  T H R E A D  ---------------

Current thread (0x000001f3feb4e330):  JavaThread "C2 CompilerThread1" daemon [_thread_in_native, id=15424, stack(0x0000004caf000000,0x0000004caf100000)]


Current CompileTask:
C2:   9502 2819       4       org.springframework.beans.factory.support.AbstractBeanFactory::isTypeMatch (607 bytes)

Stack: [0x0000004caf000000,0x0000004caf100000]
Native frames: (J=compiled Java code, j=interpreted, Vv=VM code, C=native code)
V  [jvm.dll+0x6681ca]
V  [jvm.dll+0x7c9e69]
V  [jvm.dll+0x7cb61e]
V  [jvm.dll+0x7cbc73]
V  [jvm.dll+0x242c55]
V  [jvm.dll+0xae10f]
V  [jvm.dll+0xae45c]
V  [jvm.dll+0x360470]
V  [jvm.dll+0x35f9c1]
V  [jvm.dll+0x35fa04]
V  [jvm.dll+0x557105]
V  [jvm.dll+0x557933]
V  [jvm.dll+0x324e10]
V  [jvm.dll+0x32428a]
V  [jvm.dll+0x215cec]
V  [jvm.dll+0x215100]
V  [jvm.dll+0x1a1beb]
V  [jvm.dll+0x225158]
V  [jvm.dll+0x22319c]
V  [jvm.dll+0x77fa62]
V  [jvm.dll+0x7795aa]
V  [jvm.dll+0x667066]
C  [ucrtbase.dll+0x21bb2]
C  [KERNEL32.DLL+0x17034]
C  [ntdll.dll+0x52651]


---------------  P R O C E S S  ---------------

Threads class SMR info:
_java_thread_list=0x000001f3fd7c6e40, length=14, elements={
0x000001f3dee81850, 0x000001f3fc5a3570, 0x000001f3fc5a4340, 0x000001f3fc5b0830,
0x000001f3fc5b2350, 0x000001f3fc5b4d70, 0x000001f3fc5b5680, 0x000001f3fc5b62c0,
0x000001f3fc5b6cc0, 0x000001f3fc5ee170, 0x000001f3fc57e7d0, 0x000001f3fd1db490,
0x000001f3fd1c80e0, 0x000001f3feb4e330
}

Java Threads: ( => current thread )
  0x000001f3dee81850 JavaThread "main" [_thread_in_vm, id=2916, stack(0x0000004cad800000,0x0000004cad900000)]
  0x000001f3fc5a3570 JavaThread "Reference Handler" daemon [_thread_blocked, id=17944, stack(0x0000004cadf00000,0x0000004cae000000)]
  0x000001f3fc5a4340 JavaThread "Finalizer" daemon [_thread_blocked, id=16356, stack(0x0000004cae000000,0x0000004cae100000)]
  0x000001f3fc5b0830 JavaThread "Signal Dispatcher" daemon [_thread_blocked, id=2388, stack(0x0000004cae100000,0x0000004cae200000)]
  0x000001f3fc5b2350 JavaThread "Attach Listener" daemon [_thread_blocked, id=11176, stack(0x0000004cae200000,0x0000004cae300000)]
  0x000001f3fc5b4d70 JavaThread "Service Thread" daemon [_thread_blocked, id=18044, stack(0x0000004cae300000,0x0000004cae400000)]
  0x000001f3fc5b5680 JavaThread "Monitor Deflation Thread" daemon [_thread_blocked, id=15948, stack(0x0000004cae400000,0x0000004cae500000)]
  0x000001f3fc5b62c0 JavaThread "C2 CompilerThread0" daemon [_thread_in_native, id=14272, stack(0x0000004cae500000,0x0000004cae600000)]
  0x000001f3fc5b6cc0 JavaThread "C1 CompilerThread0" daemon [_thread_blocked, id=5076, stack(0x0000004cae600000,0x0000004cae700000)]
  0x000001f3fc5ee170 JavaThread "Sweeper thread" daemon [_thread_blocked, id=12600, stack(0x0000004cae700000,0x0000004cae800000)]
  0x000001f3fc57e7d0 JavaThread "Common-Cleaner" daemon [_thread_blocked, id=4752, stack(0x0000004cae800000,0x0000004cae900000)]
  0x000001f3fd1db490 JavaThread "Monitor Ctrl-Break" daemon [_thread_in_native, id=17824, stack(0x0000004cae900000,0x0000004caea00000)]
  0x000001f3fd1c80e0 JavaThread "Notification Thread" daemon [_thread_blocked, id=7452, stack(0x0000004caea00000,0x0000004caeb00000)]
=>0x000001f3feb4e330 JavaThread "C2 CompilerThread1" daemon [_thread_in_native, id=15424, stack(0x0000004caf000000,0x0000004caf100000)]

Other Threads:
  0x000001f3fc59ce60 VMThread "VM Thread" [stack: 0x0000004cade00000,0x0000004cadf00000] [id=5912]
  0x000001f3fd1eb270 WatcherThread [stack: 0x0000004caeb00000,0x0000004caec00000] [id=10560]
  0x000001f3deec24d0 GCTaskThread "GC Thread#0" [stack: 0x0000004cad900000,0x0000004cada00000] [id=18764]
  0x000001f3fd93c9d0 GCTaskThread "GC Thread#1" [stack: 0x0000004caec00000,0x0000004caed00000] [id=15104]
  0x000001f3fd93cce0 GCTaskThread "GC Thread#2" [stack: 0x0000004caed00000,0x0000004caee00000] [id=13208]
  0x000001f3fd8de420 GCTaskThread "GC Thread#3" [stack: 0x0000004caee00000,0x0000004caef00000] [id=18524]
  0x000001f3deed3ef0 ConcurrentGCThread "G1 Main Marker" [stack: 0x0000004cada00000,0x0000004cadb00000] [id=3064]
  0x000001f3deed4870 ConcurrentGCThread "G1 Conc#0" [stack: 0x0000004cadb00000,0x0000004cadc00000] [id=17716]
  0x000001f3def4ab40 ConcurrentGCThread "G1 Refine#0" [stack: 0x0000004cadc00000,0x0000004cadd00000] [id=11600]
  0x000001f3fd93cff0 ConcurrentGCThread "G1 Refine#1" [stack: 0x0000004caef00000,0x0000004caf000000] [id=7832]
  0x000001f3def4b4d0 ConcurrentGCThread "G1 Service" [stack: 0x0000004cadd00000,0x0000004cade00000] [id=5944]

Threads with active compile tasks:
C2 CompilerThread0     9584 2851       4       org.springframework.boot.context.properties.source.ConfigurationPropertyName$ElementsParser::parse (234 bytes)
C2 CompilerThread1     9584 2819       4       org.springframework.beans.factory.support.AbstractBeanFactory::isTypeMatch (607 bytes)

VM state: not at safepoint (normal execution)

VM Mutex/Monitor currently owned by a thread: None

Heap address: 0x0000000081800000, size: 2024 MB, Compressed Oops mode: 32-bit

CDS archive(s) mapped at: [0x0000000800000000-0x0000000800bb0000-0x0000000800bb0000), size 12255232, SharedBaseAddress: 0x0000000800000000, ArchiveRelocationMode: 0.
Compressed class space mapped at: 0x0000000800c00000-0x0000000840c00000, reserved size: 1073741824
Narrow klass base: 0x0000000800000000, Narrow klass shift: 3, Narrow klass range: 0x100000000

GC Precious Log:
 CPUs: 4 total, 4 available
 Memory: 8089M
 Large Page Support: Disabled
 NUMA Support: Disabled
 Compressed Oops: Enabled (32-bit)
 Heap Region Size: 1M
 Heap Min Capacity: 8M
 Heap Initial Capacity: 128M
 Heap Max Capacity: 2024M
 Pre-touch: Disabled
 Parallel Workers: 4
 Concurrent Workers: 1
 Concurrent Refinement Workers: 4
 Periodic GC: Disabled

Heap:
 garbage-first heap   total 131072K, used 41218K [0x0000000081800000, 0x0000000100000000)
  region size 1024K, 39 young (39936K), 3 survivors (3072K)
 Metaspace       used 20297K, committed 20608K, reserved 1073152K
  class space    used 2506K, committed 2624K, reserved 1048576K

Heap Regions: E=young(eden), S=young(survivor), O=old, HS=humongous(starts), HC=humongous(continues), CS=collection set, F=free, OA=open archive, CA=closed archive, TAMS=top-at-mark-start (previous, next)
|   0|0x0000000081800000, 0x0000000081900000, 0x0000000081900000|100%| O|  |TAMS 0x0000000081800000, 0x0000000081800000| Untracked 
|   1|0x0000000081900000, 0x0000000081a00000, 0x0000000081a00000|100%| O|  |TAMS 0x0000000081900000, 0x0000000081900000| Untracked 
|   2|0x0000000081a00000, 0x0000000081b00000, 0x0000000081b00000|100%| O|  |TAMS 0x0000000081a00000, 0x0000000081a00000| Untracked 
|   3|0x0000000081b00000, 0x0000000081bf6200, 0x0000000081c00000| 96%| O|  |TAMS 0x0000000081b00000, 0x0000000081b00000| Untracked 
|   4|0x0000000081c00000, 0x0000000081c00000, 0x0000000081d00000|  0%| F|  |TAMS 0x0000000081c00000, 0x0000000081c00000| Untracked 
|   5|0x0000000081d00000, 0x0000000081d00000, 0x0000000081e00000|  0%| F|  |TAMS 0x0000000081d00000, 0x0000000081d00000| Untracked 
|   6|0x0000000081e00000, 0x0000000081e00000, 0x0000000081f00000|  0%| F|  |TAMS 0x0000000081e00000, 0x0000000081e00000| Untracked 
|   7|0x0000000081f00000, 0x0000000081f00000, 0x0000000082000000|  0%| F|  |TAMS 0x0000000081f00000, 0x0000000081f00000| Untracked 
|   8|0x0000000082000000, 0x0000000082000000, 0x0000000082100000|  0%| F|  |TAMS 0x0000000082000000, 0x0000000082000000| Untracked 
|   9|0x0000000082100000, 0x0000000082100000, 0x0000000082200000|  0%| F|  |TAMS 0x0000000082100000, 0x0000000082100000| Untracked 
|  10|0x0000000082200000, 0x0000000082200000, 0x0000000082300000|  0%| F|  |TAMS 0x0000000082200000, 0x0000000082200000| Untracked 
|  11|0x0000000082300000, 0x0000000082300000, 0x0000000082400000|  0%| F|  |TAMS 0x0000000082300000, 0x0000000082300000| Untracked 
|  12|0x0000000082400000, 0x0000000082400000, 0x0000000082500000|  0%| F|  |TAMS 0x0000000082400000, 0x0000000082400000| Untracked 
|  13|0x0000000082500000, 0x0000000082500000, 0x0000000082600000|  0%| F|  |TAMS 0x0000000082500000, 0x0000000082500000| Untracked 
|  14|0x0000000082600000, 0x0000000082600000, 0x0000000082700000|  0%| F|  |TAMS 0x0000000082600000, 0x0000000082600000| Untracked 
|  15|0x0000000082700000, 0x0000000082700000, 0x0000000082800000|  0%| F|  |TAMS 0x0000000082700000, 0x0000000082700000| Untracked 
|  16|0x0000000082800000, 0x0000000082800000, 0x0000000082900000|  0%| F|  |TAMS 0x0000000082800000, 0x0000000082800000| Untracked 
|  17|0x0000000082900000, 0x0000000082900000, 0x0000000082a00000|  0%| F|  |TAMS 0x0000000082900000, 0x0000000082900000| Untracked 
|  18|0x0000000082a00000, 0x0000000082a00000, 0x0000000082b00000|  0%| F|  |TAMS 0x0000000082a00000, 0x0000000082a00000| Untracked 
|  19|0x0000000082b00000, 0x0000000082b00000, 0x0000000082c00000|  0%| F|  |TAMS 0x0000000082b00000, 0x0000000082b00000| Untracked 
|  20|0x0000000082c00000, 0x0000000082c00000, 0x0000000082d00000|  0%| F|  |TAMS 0x0000000082c00000, 0x0000000082c00000| Untracked 
|  21|0x0000000082d00000, 0x0000000082d00000, 0x0000000082e00000|  0%| F|  |TAMS 0x0000000082d00000, 0x0000000082d00000| Untracked 
|  22|0x0000000082e00000, 0x0000000082e00000, 0x0000000082f00000|  0%| F|  |TAMS 0x0000000082e00000, 0x0000000082e00000| Untracked 
|  23|0x0000000082f00000, 0x0000000082f00000, 0x0000000083000000|  0%| F|  |TAMS 0x0000000082f00000, 0x0000000082f00000| Untracked 
|  24|0x0000000083000000, 0x0000000083000000, 0x0000000083100000|  0%| F|  |TAMS 0x0000000083000000, 0x0000000083000000| Untracked 
|  25|0x0000000083100000, 0x0000000083100000, 0x0000000083200000|  0%| F|  |TAMS 0x0000000083100000, 0x0000000083100000| Untracked 
|  26|0x0000000083200000, 0x0000000083200000, 0x0000000083300000|  0%| F|  |TAMS 0x0000000083200000, 0x0000000083200000| Untracked 
|  27|0x0000000083300000, 0x0000000083300000, 0x0000000083400000|  0%| F|  |TAMS 0x0000000083300000, 0x0000000083300000| Untracked 
|  28|0x0000000083400000, 0x0000000083400000, 0x0000000083500000|  0%| F|  |TAMS 0x0000000083400000, 0x0000000083400000| Untracked 
|  29|0x0000000083500000, 0x0000000083500000, 0x0000000083600000|  0%| F|  |TAMS 0x0000000083500000, 0x0000000083500000| Untracked 
|  30|0x0000000083600000, 0x0000000083600000, 0x0000000083700000|  0%| F|  |TAMS 0x0000000083600000, 0x0000000083600000| Untracked 
|  31|0x0000000083700000, 0x0000000083700000, 0x0000000083800000|  0%| F|  |TAMS 0x0000000083700000, 0x0000000083700000| Untracked 
|  32|0x0000000083800000, 0x0000000083800000, 0x0000000083900000|  0%| F|  |TAMS 0x0000000083800000, 0x0000000083800000| Untracked 
|  33|0x0000000083900000, 0x0000000083900000, 0x0000000083a00000|  0%| F|  |TAMS 0x0000000083900000, 0x0000000083900000| Untracked 
|  34|0x0000000083a00000, 0x0000000083a00000, 0x0000000083b00000|  0%| F|  |TAMS 0x0000000083a00000, 0x0000000083a00000| Untracked 
|  35|0x0000000083b00000, 0x0000000083b00000, 0x0000000083c00000|  0%| F|  |TAMS 0x0000000083b00000, 0x0000000083b00000| Untracked 
|  36|0x0000000083c00000, 0x0000000083c00000, 0x0000000083d00000|  0%| F|  |TAMS 0x0000000083c00000, 0x0000000083c00000| Untracked 
|  37|0x0000000083d00000, 0x0000000083d00000, 0x0000000083e00000|  0%| F|  |TAMS 0x0000000083d00000, 0x0000000083d00000| Untracked 
|  38|0x0000000083e00000, 0x0000000083e00000, 0x0000000083f00000|  0%| F|  |TAMS 0x0000000083e00000, 0x0000000083e00000| Untracked 
|  39|0x0000000083f00000, 0x0000000083f00000, 0x0000000084000000|  0%| F|  |TAMS 0x0000000083f00000, 0x0000000083f00000| Untracked 
|  40|0x0000000084000000, 0x0000000084000000, 0x0000000084100000|  0%| F|  |TAMS 0x0000000084000000, 0x0000000084000000| Untracked 
|  41|0x0000000084100000, 0x0000000084100000, 0x0000000084200000|  0%| F|  |TAMS 0x0000000084100000, 0x0000000084100000| Untracked 
|  42|0x0000000084200000, 0x0000000084200000, 0x0000000084300000|  0%| F|  |TAMS 0x0000000084200000, 0x0000000084200000| Untracked 
|  43|0x0000000084300000, 0x0000000084300000, 0x0000000084400000|  0%| F|  |TAMS 0x0000000084300000, 0x0000000084300000| Untracked 
|  44|0x0000000084400000, 0x0000000084400000, 0x0000000084500000|  0%| F|  |TAMS 0x0000000084400000, 0x0000000084400000| Untracked 
|  45|0x0000000084500000, 0x0000000084500000, 0x0000000084600000|  0%| F|  |TAMS 0x0000000084500000, 0x0000000084500000| Untracked 
|  46|0x0000000084600000, 0x0000000084600000, 0x0000000084700000|  0%| F|  |TAMS 0x0000000084600000, 0x0000000084600000| Untracked 
|  47|0x0000000084700000, 0x0000000084700000, 0x0000000084800000|  0%| F|  |TAMS 0x0000000084700000, 0x0000000084700000| Untracked 
|  48|0x0000000084800000, 0x0000000084800000, 0x0000000084900000|  0%| F|  |TAMS 0x0000000084800000, 0x0000000084800000| Untracked 
|  49|0x0000000084900000, 0x0000000084900000, 0x0000000084a00000|  0%| F|  |TAMS 0x0000000084900000, 0x0000000084900000| Untracked 
|  50|0x0000000084a00000, 0x0000000084a00000, 0x0000000084b00000|  0%| F|  |TAMS 0x0000000084a00000, 0x0000000084a00000| Untracked 
|  51|0x0000000084b00000, 0x0000000084b00000, 0x0000000084c00000|  0%| F|  |TAMS 0x0000000084b00000, 0x0000000084b00000| Untracked 
|  52|0x0000000084c00000, 0x0000000084c00000, 0x0000000084d00000|  0%| F|  |TAMS 0x0000000084c00000, 0x0000000084c00000| Untracked 
|  53|0x0000000084d00000, 0x0000000084d00000, 0x0000000084e00000|  0%| F|  |TAMS 0x0000000084d00000, 0x0000000084d00000| Untracked 
|  54|0x0000000084e00000, 0x0000000084e00000, 0x0000000084f00000|  0%| F|  |TAMS 0x0000000084e00000, 0x0000000084e00000| Untracked 
|  55|0x0000000084f00000, 0x0000000084f00000, 0x0000000085000000|  0%| F|  |TAMS 0x0000000084f00000, 0x0000000084f00000| Untracked 
|  56|0x0000000085000000, 0x0000000085000000, 0x0000000085100000|  0%| F|  |TAMS 0x0000000085000000, 0x0000000085000000| Untracked 
|  57|0x0000000085100000, 0x0000000085100000, 0x0000000085200000|  0%| F|  |TAMS 0x0000000085100000, 0x0000000085100000| Untracked 
|  58|0x0000000085200000, 0x0000000085200000, 0x0000000085300000|  0%| F|  |TAMS 0x0000000085200000, 0x0000000085200000| Untracked 
|  59|0x0000000085300000, 0x0000000085300000, 0x0000000085400000|  0%| F|  |TAMS 0x0000000085300000, 0x0000000085300000| Untracked 
|  60|0x0000000085400000, 0x0000000085400000, 0x0000000085500000|  0%| F|  |TAMS 0x0000000085400000, 0x0000000085400000| Untracked 
|  61|0x0000000085500000, 0x0000000085500000, 0x0000000085600000|  0%| F|  |TAMS 0x0000000085500000, 0x0000000085500000| Untracked 
|  62|0x0000000085600000, 0x0000000085600000, 0x0000000085700000|  0%| F|  |TAMS 0x0000000085600000, 0x0000000085600000| Untracked 
|  63|0x0000000085700000, 0x0000000085700000, 0x0000000085800000|  0%| F|  |TAMS 0x0000000085700000, 0x0000000085700000| Untracked 
|  64|0x0000000085800000, 0x0000000085800000, 0x0000000085900000|  0%| F|  |TAMS 0x0000000085800000, 0x0000000085800000| Untracked 
|  65|0x0000000085900000, 0x0000000085900000, 0x0000000085a00000|  0%| F|  |TAMS 0x0000000085900000, 0x0000000085900000| Untracked 
|  66|0x0000000085a00000, 0x0000000085a00000, 0x0000000085b00000|  0%| F|  |TAMS 0x0000000085a00000, 0x0000000085a00000| Untracked 
|  67|0x0000000085b00000, 0x0000000085b00000, 0x0000000085c00000|  0%| F|  |TAMS 0x0000000085b00000, 0x0000000085b00000| Untracked 
|  68|0x0000000085c00000, 0x0000000085c00000, 0x0000000085d00000|  0%| F|  |TAMS 0x0000000085c00000, 0x0000000085c00000| Untracked 
|  69|0x0000000085d00000, 0x0000000085d00000, 0x0000000085e00000|  0%| F|  |TAMS 0x0000000085d00000, 0x0000000085d00000| Untracked 
|  70|0x0000000085e00000, 0x0000000085e00000, 0x0000000085f00000|  0%| F|  |TAMS 0x0000000085e00000, 0x0000000085e00000| Untracked 
|  71|0x0000000085f00000, 0x0000000085f00000, 0x0000000086000000|  0%| F|  |TAMS 0x0000000085f00000, 0x0000000085f00000| Untracked 
|  72|0x0000000086000000, 0x0000000086000000, 0x0000000086100000|  0%| F|  |TAMS 0x0000000086000000, 0x0000000086000000| Untracked 
|  73|0x0000000086100000, 0x0000000086100000, 0x0000000086200000|  0%| F|  |TAMS 0x0000000086100000, 0x0000000086100000| Untracked 
|  74|0x0000000086200000, 0x0000000086200000, 0x0000000086300000|  0%| F|  |TAMS 0x0000000086200000, 0x0000000086200000| Untracked 
|  75|0x0000000086300000, 0x0000000086300000, 0x0000000086400000|  0%| F|  |TAMS 0x0000000086300000, 0x0000000086300000| Untracked 
|  76|0x0000000086400000, 0x0000000086400000, 0x0000000086500000|  0%| F|  |TAMS 0x0000000086400000, 0x0000000086400000| Untracked 
|  77|0x0000000086500000, 0x0000000086500000, 0x0000000086600000|  0%| F|  |TAMS 0x0000000086500000, 0x0000000086500000| Untracked 
|  78|0x0000000086600000, 0x0000000086600000, 0x0000000086700000|  0%| F|  |TAMS 0x0000000086600000, 0x0000000086600000| Untracked 
|  79|0x0000000086700000, 0x0000000086700000, 0x0000000086800000|  0%| F|  |TAMS 0x0000000086700000, 0x0000000086700000| Untracked 
|  80|0x0000000086800000, 0x0000000086800000, 0x0000000086900000|  0%| F|  |TAMS 0x0000000086800000, 0x0000000086800000| Untracked 
|  81|0x0000000086900000, 0x0000000086900000, 0x0000000086a00000|  0%| F|  |TAMS 0x0000000086900000, 0x0000000086900000| Untracked 
|  82|0x0000000086a00000, 0x0000000086a00000, 0x0000000086b00000|  0%| F|  |TAMS 0x0000000086a00000, 0x0000000086a00000| Untracked 
|  83|0x0000000086b00000, 0x0000000086b00000, 0x0000000086c00000|  0%| F|  |TAMS 0x0000000086b00000, 0x0000000086b00000| Untracked 
|  84|0x0000000086c00000, 0x0000000086c00000, 0x0000000086d00000|  0%| F|  |TAMS 0x0000000086c00000, 0x0000000086c00000| Untracked 
|  85|0x0000000086d00000, 0x0000000086d00000, 0x0000000086e00000|  0%| F|  |TAMS 0x0000000086d00000, 0x0000000086d00000| Untracked 
|  86|0x0000000086e00000, 0x0000000086e00000, 0x0000000086f00000|  0%| F|  |TAMS 0x0000000086e00000, 0x0000000086e00000| Untracked 
|  87|0x0000000086f00000, 0x0000000086f00000, 0x0000000087000000|  0%| F|  |TAMS 0x0000000086f00000, 0x0000000086f00000| Untracked 
|  88|0x0000000087000000, 0x0000000087000000, 0x0000000087100000|  0%| F|  |TAMS 0x0000000087000000, 0x0000000087000000| Untracked 
|  89|0x0000000087100000, 0x0000000087200000, 0x0000000087200000|100%| E|  |TAMS 0x0000000087100000, 0x0000000087100000| Complete 
|  90|0x0000000087200000, 0x0000000087300000, 0x0000000087300000|100%| E|CS|TAMS 0x0000000087200000, 0x0000000087200000| Complete 
|  91|0x0000000087300000, 0x0000000087400000, 0x0000000087400000|100%| E|CS|TAMS 0x0000000087300000, 0x0000000087300000| Complete 
|  92|0x0000000087400000, 0x0000000087500000, 0x0000000087500000|100%| E|CS|TAMS 0x0000000087400000, 0x0000000087400000| Complete 
|  93|0x0000000087500000, 0x0000000087600000, 0x0000000087600000|100%| E|CS|TAMS 0x0000000087500000, 0x0000000087500000| Complete 
|  94|0x0000000087600000, 0x0000000087700000, 0x0000000087700000|100%| E|CS|TAMS 0x0000000087600000, 0x0000000087600000| Complete 
|  95|0x0000000087700000, 0x0000000087800000, 0x0000000087800000|100%| E|CS|TAMS 0x0000000087700000, 0x0000000087700000| Complete 
|  96|0x0000000087800000, 0x000000008784a6a8, 0x0000000087900000| 29%| S|CS|TAMS 0x0000000087800000, 0x0000000087800000| Complete 
|  97|0x0000000087900000, 0x0000000087a00000, 0x0000000087a00000|100%| S|CS|TAMS 0x0000000087900000, 0x0000000087900000| Complete 
|  98|0x0000000087a00000, 0x0000000087b00000, 0x0000000087b00000|100%| S|CS|TAMS 0x0000000087a00000, 0x0000000087a00000| Complete 
|  99|0x0000000087b00000, 0x0000000087c00000, 0x0000000087c00000|100%| E|CS|TAMS 0x0000000087b00000, 0x0000000087b00000| Complete 
| 100|0x0000000087c00000, 0x0000000087d00000, 0x0000000087d00000|100%| E|CS|TAMS 0x0000000087c00000, 0x0000000087c00000| Complete 
| 101|0x0000000087d00000, 0x0000000087e00000, 0x0000000087e00000|100%| E|CS|TAMS 0x0000000087d00000, 0x0000000087d00000| Complete 
| 102|0x0000000087e00000, 0x0000000087f00000, 0x0000000087f00000|100%| E|CS|TAMS 0x0000000087e00000, 0x0000000087e00000| Complete 
| 103|0x0000000087f00000, 0x0000000088000000, 0x0000000088000000|100%| E|CS|TAMS 0x0000000087f00000, 0x0000000087f00000| Complete 
| 104|0x0000000088000000, 0x0000000088100000, 0x0000000088100000|100%| E|CS|TAMS 0x0000000088000000, 0x0000000088000000| Complete 
| 105|0x0000000088100000, 0x0000000088200000, 0x0000000088200000|100%| E|CS|TAMS 0x0000000088100000, 0x0000000088100000| Complete 
| 106|0x0000000088200000, 0x0000000088300000, 0x0000000088300000|100%| E|CS|TAMS 0x0000000088200000, 0x0000000088200000| Complete 
| 107|0x0000000088300000, 0x0000000088400000, 0x0000000088400000|100%| E|CS|TAMS 0x0000000088300000, 0x0000000088300000| Complete 
| 108|0x0000000088400000, 0x0000000088500000, 0x0000000088500000|100%| E|CS|TAMS 0x0000000088400000, 0x0000000088400000| Complete 
| 109|0x0000000088500000, 0x0000000088600000, 0x0000000088600000|100%| E|CS|TAMS 0x0000000088500000, 0x0000000088500000| Complete 
| 110|0x0000000088600000, 0x0000000088700000, 0x0000000088700000|100%| E|CS|TAMS 0x0000000088600000, 0x0000000088600000| Complete 
| 111|0x0000000088700000, 0x0000000088800000, 0x0000000088800000|100%| E|CS|TAMS 0x0000000088700000, 0x0000000088700000| Complete 
| 112|0x0000000088800000, 0x0000000088900000, 0x0000000088900000|100%| E|CS|TAMS 0x0000000088800000, 0x0000000088800000| Complete 
| 113|0x0000000088900000, 0x0000000088a00000, 0x0000000088a00000|100%| E|CS|TAMS 0x0000000088900000, 0x0000000088900000| Complete 
| 114|0x0000000088a00000, 0x0000000088b00000, 0x0000000088b00000|100%| E|CS|TAMS 0x0000000088a00000, 0x0000000088a00000| Complete 
| 115|0x0000000088b00000, 0x0000000088c00000, 0x0000000088c00000|100%| E|CS|TAMS 0x0000000088b00000, 0x0000000088b00000| Complete 
| 116|0x0000000088c00000, 0x0000000088d00000, 0x0000000088d00000|100%| E|CS|TAMS 0x0000000088c00000, 0x0000000088c00000| Complete 
| 117|0x0000000088d00000, 0x0000000088e00000, 0x0000000088e00000|100%| E|CS|TAMS 0x0000000088d00000, 0x0000000088d00000| Complete 
| 118|0x0000000088e00000, 0x0000000088f00000, 0x0000000088f00000|100%| E|CS|TAMS 0x0000000088e00000, 0x0000000088e00000| Complete 
| 119|0x0000000088f00000, 0x0000000089000000, 0x0000000089000000|100%| E|CS|TAMS 0x0000000088f00000, 0x0000000088f00000| Complete 
| 120|0x0000000089000000, 0x0000000089100000, 0x0000000089100000|100%| E|CS|TAMS 0x0000000089000000, 0x0000000089000000| Complete 
| 121|0x0000000089100000, 0x0000000089200000, 0x0000000089200000|100%| E|CS|TAMS 0x0000000089100000, 0x0000000089100000| Complete 
| 122|0x0000000089200000, 0x0000000089300000, 0x0000000089300000|100%| E|CS|TAMS 0x0000000089200000, 0x0000000089200000| Complete 
| 123|0x0000000089300000, 0x0000000089400000, 0x0000000089400000|100%| E|  |TAMS 0x0000000089300000, 0x0000000089300000| Complete 
| 124|0x0000000089400000, 0x0000000089500000, 0x0000000089500000|100%| E|CS|TAMS 0x0000000089400000, 0x0000000089400000| Complete 
| 125|0x0000000089500000, 0x0000000089600000, 0x0000000089600000|100%| E|CS|TAMS 0x0000000089500000, 0x0000000089500000| Complete 
| 126|0x0000000089600000, 0x0000000089700000, 0x0000000089700000|100%| E|CS|TAMS 0x0000000089600000, 0x0000000089600000| Complete 
| 127|0x0000000089700000, 0x0000000089800000, 0x0000000089800000|100%| E|CS|TAMS 0x0000000089700000, 0x0000000089700000| Complete 

Card table byte_map: [0x000001f3f59f0000,0x000001f3f5df0000] _byte_map_base: 0x000001f3f55e4000

Marking Bits (Prev, Next): (CMBitMap*) 0x000001f3deec3a60, (CMBitMap*) 0x000001f3deec3aa0
 Prev Bits: [0x000001f3f61f0000, 0x000001f3f8190000)
 Next Bits: [0x000001f3f8190000, 0x000001f3fa130000)

Polling page: 0x000001f3dccb0000

Metaspace:

Usage:
  Non-class:     17.46 MB used.
      Class:      2.46 MB used.
       Both:     19.92 MB used.

Virtual space:
  Non-class space:       24.00 MB reserved,      17.62 MB ( 73%) committed,  3 nodes.
      Class space:        1.00 GB reserved,       2.56 MB ( <1%) committed,  1 nodes.
              Both:        1.02 GB reserved,      20.19 MB (  2%) committed. 

Chunk freelists:
   Non-Class:  2.23 MB
       Class:  1.44 MB
        Both:  3.67 MB

MaxMetaspaceSize: 17179869184.00 GB
CompressedClassSpaceSize: 1.00 GB
 - commit_granule_bytes: 65536.
 - commit_granule_words: 8192.
 - virtual_space_node_default_size: 1048576.
 - enlarge_chunks_in_place: 1.
 - new_chunks_are_fully_committed: 0.
 - uncommit_free_chunks: 1.
 - use_allocation_guard: 0.
 - handle_deallocations: 1.


Internal statistics:

num_allocs_failed_limit: 0.
num_arena_births: 268.
num_arena_deaths: 0.
num_vsnodes_births: 4.
num_vsnodes_deaths: 0.
num_space_committed: 323.
num_space_uncommitted: 0.
num_chunks_returned_to_freelist: 0.
num_chunks_taken_from_freelist: 959.
num_chunk_merges: 0.
num_chunk_splits: 642.
num_chunks_enlarged: 494.
num_purges: 0.

CodeHeap 'non-profiled nmethods': size=120000Kb used=1255Kb max_used=1255Kb free=118744Kb
 bounds [0x000001f3ee0c0000, 0x000001f3ee330000, 0x000001f3f55f0000]
CodeHeap 'profiled nmethods': size=120000Kb used=5887Kb max_used=5887Kb free=114112Kb
 bounds [0x000001f3e6b90000, 0x000001f3e7150000, 0x000001f3ee0c0000]
CodeHeap 'non-nmethods': size=5760Kb used=1210Kb max_used=1289Kb free=4549Kb
 bounds [0x000001f3e65f0000, 0x000001f3e6860000, 0x000001f3e6b90000]
 total_blobs=3376 nmethods=2871 adapters=417
 compilation: enabled
              stopped_count=0, restarted_count=0
 full_count=0

Compilation events (20 events):
Event: 9.292 Thread 0x000001f3fc5b6cc0 2871       3       jdk.internal.reflect.Reflection::verifyModuleAccess (24 bytes)
Event: 9.293 Thread 0x000001f3fc5b6cc0 nmethod 2871 0x000001f3e7145690 code [0x000001f3e71458a0, 0x000001f3e7145dd8]
Event: 9.293 Thread 0x000001f3fc5b6cc0 2872       3       org.springframework.core.BridgeMethodResolver$$Lambda$384/0x0000000800e6b5d8::matches (9 bytes)
Event: 9.293 Thread 0x000001f3fc5b6cc0 nmethod 2872 0x000001f3e7146010 code [0x000001f3e71461c0, 0x000001f3e7146368]
Event: 9.293 Thread 0x000001f3fc5b6cc0 2873       3       org.springframework.core.BridgeMethodResolver::lambda$findBridgedMethod$0 (6 bytes)
Event: 9.293 Thread 0x000001f3fc5b6cc0 nmethod 2873 0x000001f3e7146490 code [0x000001f3e7146640, 0x000001f3e7146768]
Event: 9.293 Thread 0x000001f3fc5b6cc0 2874       3       java.lang.reflect.Field::getDeclaredAnnotations (8 bytes)
Event: 9.294 Thread 0x000001f3fc5b6cc0 nmethod 2874 0x000001f3e7146810 code [0x000001f3e7146a00, 0x000001f3e7146e48]
Event: 9.294 Thread 0x000001f3fc5b6cc0 2875       3       java.lang.invoke.Invokers$Holder::linkToTargetMethod (13 bytes)
Event: 9.294 Thread 0x000001f3fc5b6cc0 nmethod 2875 0x000001f3e7146f90 code [0x000001f3e7147140, 0x000001f3e7147418]
Event: 9.299 Thread 0x000001f3fc5b6cc0 2876   !   3       org.springframework.beans.factory.support.AbstractBeanFactory::adaptBeanInstance (124 bytes)
Event: 9.302 Thread 0x000001f3fc5b6cc0 nmethod 2876 0x000001f3e7147510 code [0x000001f3e71478c0, 0x000001f3e71493a8]
Event: 9.302 Thread 0x000001f3fc5b6cc0 2877       3       java.lang.Boolean::equals (29 bytes)
Event: 9.302 Thread 0x000001f3fc5b6cc0 nmethod 2877 0x000001f3e7149d90 code [0x000001f3e7149f40, 0x000001f3e714a338]
Event: 9.376 Thread 0x000001f3fc5b6cc0 2878       3       java.nio.ByteBuffer::position (8 bytes)
Event: 9.377 Thread 0x000001f3fc5b6cc0 nmethod 2878 0x000001f3e714a410 code [0x000001f3e714a5c0, 0x000001f3e714a708]
Event: 9.404 Thread 0x000001f3fc5b6cc0 2879   !   3       sun.nio.fs.WindowsPath::initOffsets (153 bytes)
Event: 9.409 Thread 0x000001f3fc5b6cc0 nmethod 2879 0x000001f3e714a790 code [0x000001f3e714aba0, 0x000001f3e714d138]
Event: 9.409 Thread 0x000001f3fc5b6cc0 2880       3       java.util.Properties::loadConvert (544 bytes)
Event: 9.411 Thread 0x000001f3fc5b6cc0 nmethod 2880 0x000001f3e714df10 code [0x000001f3e714e200, 0x000001f3e714f638]

GC Heap History (6 events):
Event: 1.422 GC heap before
{Heap before GC invocations=0 (full 0):
 garbage-first heap   total 131072K, used 12288K [0x0000000081800000, 0x0000000100000000)
  region size 1024K, 13 young (13312K), 0 survivors (0K)
 Metaspace       used 3917K, committed 4032K, reserved 1056768K
  class space    used 395K, committed 448K, reserved 1048576K
}
Event: 1.501 GC heap after
{Heap after GC invocations=1 (full 0):
 garbage-first heap   total 131072K, used 3899K [0x0000000081800000, 0x0000000100000000)
  region size 1024K, 2 young (2048K), 2 survivors (2048K)
 Metaspace       used 3917K, committed 4032K, reserved 1056768K
  class space    used 395K, committed 448K, reserved 1048576K
}
Event: 2.806 GC heap before
{Heap before GC invocations=1 (full 0):
 garbage-first heap   total 131072K, used 14139K [0x0000000081800000, 0x0000000100000000)
  region size 1024K, 12 young (12288K), 2 survivors (2048K)
 Metaspace       used 6664K, committed 6912K, reserved 1056768K
  class space    used 778K, committed 896K, reserved 1048576K
}
Event: 2.812 GC heap after
{Heap after GC invocations=2 (full 0):
 garbage-first heap   total 131072K, used 5105K [0x0000000081800000, 0x0000000100000000)
  region size 1024K, 2 young (2048K), 2 survivors (2048K)
 Metaspace       used 6664K, committed 6912K, reserved 1056768K
  class space    used 778K, committed 896K, reserved 1048576K
}
Event: 5.165 GC heap before
{Heap before GC invocations=2 (full 0):
 garbage-first heap   total 131072K, used 31729K [0x0000000081800000, 0x0000000100000000)
  region size 1024K, 29 young (29696K), 2 survivors (2048K)
 Metaspace       used 14137K, committed 14336K, reserved 1064960K
  class space    used 1710K, committed 1792K, reserved 1048576K
}
Event: 5.171 GC heap after
{Heap after GC invocations=3 (full 0):
 garbage-first heap   total 131072K, used 6402K [0x0000000081800000, 0x0000000100000000)
  region size 1024K, 3 young (3072K), 3 survivors (3072K)
 Metaspace       used 14137K, committed 14336K, reserved 1064960K
  class space    used 1710K, committed 1792K, reserved 1048576K
}

Deoptimization events (20 events):
Event: 8.366 Thread 0x000001f3dee81850 DEOPT PACKING pc=0x000001f3ee140a40 sp=0x0000004cad8fc5e0
Event: 8.366 Thread 0x000001f3dee81850 DEOPT UNPACKING pc=0x000001f3e663d72e sp=0x0000004cad8fc520 mode 2
Event: 8.446 Thread 0x000001f3dee81850 Uncommon trap: trap_request=0xffffff45 fr.pc=0x000001f3ee1378c0 relative=0x00000000000000a0
Event: 8.446 Thread 0x000001f3dee81850 Uncommon trap: reason=unstable_if action=reinterpret pc=0x000001f3ee1378c0 method=java.nio.Buffer.position(I)Ljava/nio/Buffer; @ 37 c2
Event: 8.446 Thread 0x000001f3dee81850 DEOPT PACKING pc=0x000001f3ee1378c0 sp=0x0000004cad8fc5c0
Event: 8.446 Thread 0x000001f3dee81850 DEOPT UNPACKING pc=0x000001f3e663d72e sp=0x0000004cad8fc558 mode 2
Event: 8.458 Thread 0x000001f3dee81850 DEOPT PACKING pc=0x000001f3e6ef9935 sp=0x0000004cad8fca40
Event: 8.458 Thread 0x000001f3dee81850 DEOPT UNPACKING pc=0x000001f3e663dece sp=0x0000004cad8fbf38 mode 0
Event: 9.180 Thread 0x000001f3dee81850 Uncommon trap: trap_request=0xffffff45 fr.pc=0x000001f3ee112384 relative=0x0000000000000064
Event: 9.180 Thread 0x000001f3dee81850 Uncommon trap: reason=unstable_if action=reinterpret pc=0x000001f3ee112384 method=sun.net.www.ParseUtil.firstEncodeIndex(Ljava/lang/String;)I @ 51 c2
Event: 9.180 Thread 0x000001f3dee81850 DEOPT PACKING pc=0x000001f3ee112384 sp=0x0000004cad8fa480
Event: 9.180 Thread 0x000001f3dee81850 DEOPT UNPACKING pc=0x000001f3e663d72e sp=0x0000004cad8fa408 mode 2
Event: 9.387 Thread 0x000001f3dee81850 Uncommon trap: trap_request=0xffffff45 fr.pc=0x000001f3ee16fb00 relative=0x00000000000004c0
Event: 9.387 Thread 0x000001f3dee81850 Uncommon trap: reason=unstable_if action=reinterpret pc=0x000001f3ee16fb00 method=java.util.LinkedHashMap.get(Ljava/lang/Object;)Ljava/lang/Object; @ 16 c2
Event: 9.387 Thread 0x000001f3dee81850 DEOPT PACKING pc=0x000001f3ee16fb00 sp=0x0000004cad8fe330
Event: 9.387 Thread 0x000001f3dee81850 DEOPT UNPACKING pc=0x000001f3e663d72e sp=0x0000004cad8fe2e8 mode 2
Event: 9.405 Thread 0x000001f3dee81850 Uncommon trap: trap_request=0xffffff45 fr.pc=0x000001f3ee17c434 relative=0x0000000000000574
Event: 9.405 Thread 0x000001f3dee81850 Uncommon trap: reason=unstable_if action=reinterpret pc=0x000001f3ee17c434 method=java.util.Properties.loadConvert([CIILjava/lang/StringBuilder;)Ljava/lang/String; @ 26 c2
Event: 9.406 Thread 0x000001f3dee81850 DEOPT PACKING pc=0x000001f3ee17c434 sp=0x0000004cad8fde60
Event: 9.406 Thread 0x000001f3dee81850 DEOPT UNPACKING pc=0x000001f3e663d72e sp=0x0000004cad8fddf8 mode 2

Classes unloaded (0 events):
No events

Classes redefined (0 events):
No events

Internal exceptions (20 events):
Event: 8.185 Thread 0x000001f3dee81850 Exception <a 'java/lang/ClassNotFoundException'{0x0000000087c2ef28}: org/springframework/aop/framework/ProxyConfigCustomizer> (0x0000000087c2ef28) 
thrown [t:\workspace\open\src\hotspot\share\classfile\systemDictionary.cpp, line 256]
Event: 8.187 Thread 0x000001f3dee81850 Exception <a 'java/lang/ClassNotFoundException'{0x0000000087c391c8}: org/springframework/aop/framework/ProxyProcessorSupportCustomizer> (0x0000000087c391c8) 
thrown [t:\workspace\open\src\hotspot\share\classfile\systemDictionary.cpp, line 256]
Event: 8.189 Thread 0x000001f3dee81850 Exception <a 'java/lang/ClassNotFoundException'{0x0000000087c402b8}: org/springframework/aop/framework/autoproxy/AbstractAutoProxyCreatorCustomizer> (0x0000000087c402b8) 
thrown [t:\workspace\open\src\hotspot\share\classfile\systemDictionary.cpp, line 256]
Event: 8.197 Thread 0x000001f3dee81850 Exception <a 'java/lang/ClassNotFoundException'{0x0000000087c53490}: org/springframework/aop/framework/autoproxy/AbstractAdvisorAutoProxyCreatorCustomizer> (0x0000000087c53490) 
thrown [t:\workspace\open\src\hotspot\share\classfile\systemDictionary.cpp, line 256]
Event: 8.199 Thread 0x000001f3dee81850 Exception <a 'java/lang/ClassNotFoundException'{0x0000000087c5a0e0}: org/springframework/aop/framework/autoproxy/InfrastructureAdvisorAutoProxyCreatorCustomizer> (0x0000000087c5a0e0) 
thrown [t:\workspace\open\src\hotspot\share\classfile\systemDictionary.cpp, line 256]
Event: 8.202 Thread 0x000001f3dee81850 Exception <a 'java/lang/ClassNotFoundException'{0x0000000087c6b540}: org/springframework/beans/factory/config/SmartInstantiationAwareBeanPostProcessorCustomizer> (0x0000000087c6b540) 
thrown [t:\workspace\open\src\hotspot\share\classfile\systemDictionary.cpp, line 256]
Event: 8.204 Thread 0x000001f3dee81850 Exception <a 'java/lang/ClassNotFoundException'{0x0000000087c722e0}: org/springframework/beans/factory/config/InstantiationAwareBeanPostProcessorCustomizer> (0x0000000087c722e0) 
thrown [t:\workspace\open\src\hotspot\share\classfile\systemDictionary.cpp, line 256]
Event: 8.206 Thread 0x000001f3dee81850 Exception <a 'java/lang/ClassNotFoundException'{0x0000000087c78c78}: org/springframework/beans/factory/config/BeanPostProcessorCustomizer> (0x0000000087c78c78) 
thrown [t:\workspace\open\src\hotspot\share\classfile\systemDictionary.cpp, line 256]
Event: 8.208 Thread 0x000001f3dee81850 Exception <a 'java/lang/ClassNotFoundException'{0x0000000087c7cf20}: org/springframework/beans/factory/BeanFactoryAwareCustomizer> (0x0000000087c7cf20) 
thrown [t:\workspace\open\src\hotspot\share\classfile\systemDictionary.cpp, line 256]
Event: 8.209 Thread 0x000001f3dee81850 Exception <a 'java/lang/ClassNotFoundException'{0x0000000087c81368}: org/springframework/beans/factory/AwareCustomizer> (0x0000000087c81368) 
thrown [t:\workspace\open\src\hotspot\share\classfile\systemDictionary.cpp, line 256]
Event: 8.210 Thread 0x000001f3dee81850 Exception <a 'java/lang/ClassNotFoundException'{0x0000000087c83a68}: org/springframework/core/OrderedCustomizer> (0x0000000087c83a68) 
thrown [t:\workspace\open\src\hotspot\share\classfile\systemDictionary.cpp, line 256]
Event: 8.212 Thread 0x000001f3dee81850 Exception <a 'java/lang/ClassNotFoundException'{0x0000000087c86f18}: org/springframework/beans/factory/BeanClassLoaderAwareCustomizer> (0x0000000087c86f18) 
thrown [t:\workspace\open\src\hotspot\share\classfile\systemDictionary.cpp, line 256]
Event: 8.214 Thread 0x000001f3dee81850 Exception <a 'java/lang/ClassNotFoundException'{0x0000000087c8a568}: org/springframework/beans/factory/AwareCustomizer> (0x0000000087c8a568) 
thrown [t:\workspace\open\src\hotspot\share\classfile\systemDictionary.cpp, line 256]
Event: 8.214 Thread 0x000001f3dee81850 Exception <a 'java/lang/ClassNotFoundException'{0x0000000087c8ceb8}: org/springframework/aop/framework/AopInfrastructureBeanCustomizer> (0x0000000087c8ceb8) 
thrown [t:\workspace\open\src\hotspot\share\classfile\systemDictionary.cpp, line 256]
Event: 8.543 Thread 0x000001f3dee81850 Exception <a 'java/lang/NoSuchMethodError'{0x0000000087bc9a08}: 'int java.lang.invoke.DirectMethodHandle$Holder.invokeSpecial(java.lang.Object, java.lang.Object, java.lang.Object, java.lang.Object, java.lang.Object)'> (0x0000000087bc9a08) 
thrown [t:\workspace\open\src\hotspot\share\interpreter\linkResolver.cpp, line 790]
Event: 8.891 Thread 0x000001f3dee81850 Exception <a 'java/lang/NoSuchMethodError'{0x0000000087553e58}: 'void java.lang.invoke.DirectMethodHandle$Holder.invokeInterface(java.lang.Object, java.lang.Object, int)'> (0x0000000087553e58) 
thrown [t:\workspace\open\src\hotspot\share\interpreter\linkResolver.cpp, line 790]
Event: 8.903 Thread 0x000001f3dee81850 Exception <a 'java/lang/NoSuchMethodError'{0x000000008756e868}: 'int java.lang.invoke.DirectMethodHandle$Holder.invokeVirtual(java.lang.Object, java.lang.Object)'> (0x000000008756e868) 
thrown [t:\workspace\open\src\hotspot\share\interpreter\linkResolver.cpp, line 790]
Event: 8.960 Thread 0x000001f3dee81850 Exception <a 'java/lang/IncompatibleClassChangeError'{0x00000000875aa788}: Found class java.lang.Object, but interface was expected> (0x00000000875aa788) 
thrown [t:\workspace\open\src\hotspot\share\interpreter\linkResolver.cpp, line 857]
Event: 8.966 Thread 0x000001f3dee81850 Exception <a 'java/lang/NoSuchMethodError'{0x00000000875afbc0}: 'void java.lang.invoke.DirectMethodHandle$Holder.invokeStatic(java.lang.Object, int, java.lang.Object)'> (0x00000000875afbc0) 
thrown [t:\workspace\open\src\hotspot\share\interpreter\linkResolver.cpp, line 790]
Event: 8.978 Thread 0x000001f3dee81850 Exception <a 'java/lang/NoSuchMethodError'{0x00000000875df888}: 'int java.lang.invoke.DirectMethodHandle$Holder.invokeSpecial(java.lang.Object, java.lang.Object, int)'> (0x00000000875df888) 
thrown [t:\workspace\open\src\hotspot\share\interpreter\linkResolver.cpp, line 790]

Events (20 events):
Event: 9.386 loading class javax/management/AttributeNotFoundException
Event: 9.387 loading class javax/management/AttributeNotFoundException done
Event: 9.387 loading class java/util/concurrent/locks/ReentrantReadWriteLock
Event: 9.388 loading class java/util/concurrent/locks/ReentrantReadWriteLock done
Event: 9.388 loading class java/util/concurrent/locks/ReentrantReadWriteLock$NonfairSync
Event: 9.388 loading class java/util/concurrent/locks/ReentrantReadWriteLock$Sync
Event: 9.388 loading class java/util/concurrent/locks/ReentrantReadWriteLock$Sync done
Event: 9.388 loading class java/util/concurrent/locks/ReentrantReadWriteLock$NonfairSync done
Event: 9.388 loading class java/util/concurrent/locks/ReentrantReadWriteLock$Sync$ThreadLocalHoldCounter
Event: 9.388 loading class java/util/concurrent/locks/ReentrantReadWriteLock$Sync$ThreadLocalHoldCounter done
Event: 9.389 loading class java/util/concurrent/locks/ReentrantReadWriteLock$ReadLock
Event: 9.389 loading class java/util/concurrent/locks/ReentrantReadWriteLock$ReadLock done
Event: 9.389 loading class java/util/concurrent/locks/ReentrantReadWriteLock$WriteLock
Event: 9.389 loading class java/util/concurrent/locks/ReentrantReadWriteLock$WriteLock done
Event: 9.395 loading class javax/management/MBeanFeatureInfo
Event: 9.395 loading class javax/management/DescriptorRead
Event: 9.395 loading class javax/management/DescriptorRead done
Event: 9.395 loading class javax/management/MBeanFeatureInfo done
Event: 9.395 loading class javax/management/MBeanAttributeInfo
Event: 9.396 loading class javax/management/MBeanAttributeInfo done


Dynamic libraries:
0x00007ff7cf0e0000 - 0x00007ff7cf0ee000 	C:\Users\Miljana\.jdks\openjdk-16.0.2\bin\java.exe
0x00007ffb70f70000 - 0x00007ffb71165000 	C:\WINDOWS\SYSTEM32\ntdll.dll
0x00007ffb6fdd0000 - 0x00007ffb6fe8e000 	C:\WINDOWS\System32\KERNEL32.DLL
0x00007ffb6eba0000 - 0x00007ffb6ee69000 	C:\WINDOWS\System32\KERNELBASE.dll
0x00007ffb6ea50000 - 0x00007ffb6eb50000 	C:\WINDOWS\System32\ucrtbase.dll
0x00007ffb5bfa0000 - 0x00007ffb5bfb8000 	C:\Users\Miljana\.jdks\openjdk-16.0.2\bin\jli.dll
0x00007ffb6f700000 - 0x00007ffb6f8a1000 	C:\WINDOWS\System32\USER32.dll
0x00007ffb6ef30000 - 0x00007ffb6ef52000 	C:\WINDOWS\System32\win32u.dll
0x00007ffb6fe90000 - 0x00007ffb6febb000 	C:\WINDOWS\System32\GDI32.dll
0x00007ffb6e890000 - 0x00007ffb6e99b000 	C:\WINDOWS\System32\gdi32full.dll
0x00007ffb6e7f0000 - 0x00007ffb6e88d000 	C:\WINDOWS\System32\msvcp_win.dll
0x00007ffb4bb10000 - 0x00007ffb4bb29000 	C:\Users\Miljana\.jdks\openjdk-16.0.2\bin\VCRUNTIME140.dll
0x00007ffb5c9e0000 - 0x00007ffb5cc7a000 	C:\WINDOWS\WinSxS\amd64_microsoft.windows.common-controls_6595b64144ccf1df_6.0.19041.1110_none_60b5254171f9507e\COMCTL32.dll
0x00007ffb70350000 - 0x00007ffb703ee000 	C:\WINDOWS\System32\msvcrt.dll
0x00007ffb70710000 - 0x00007ffb70740000 	C:\WINDOWS\System32\IMM32.DLL
0x00007ffb65270000 - 0x00007ffb6527c000 	C:\Users\Miljana\.jdks\openjdk-16.0.2\bin\vcruntime140_1.dll
0x00007ffb3cf10000 - 0x00007ffb3cfa1000 	C:\Users\Miljana\.jdks\openjdk-16.0.2\bin\msvcp140.dll
0x00007ffb06910000 - 0x00007ffb074bb000 	C:\Users\Miljana\.jdks\openjdk-16.0.2\bin\server\jvm.dll
0x00007ffb70650000 - 0x00007ffb706fc000 	C:\WINDOWS\System32\ADVAPI32.dll
0x00007ffb708f0000 - 0x00007ffb7098b000 	C:\WINDOWS\System32\sechost.dll
0x00007ffb70990000 - 0x00007ffb70aba000 	C:\WINDOWS\System32\RPCRT4.dll
0x00007ffb6fec0000 - 0x00007ffb6fec8000 	C:\WINDOWS\System32\PSAPI.DLL
0x00007ffb4d590000 - 0x00007ffb4d599000 	C:\WINDOWS\SYSTEM32\WSOCK32.dll
0x00007ffb6fc70000 - 0x00007ffb6fcdb000 	C:\WINDOWS\System32\WS2_32.dll
0x00007ffb4e6d0000 - 0x00007ffb4e6f7000 	C:\WINDOWS\SYSTEM32\WINMM.dll
0x00007ffb65650000 - 0x00007ffb6565a000 	C:\WINDOWS\SYSTEM32\VERSION.dll
0x00007ffb6cf10000 - 0x00007ffb6cf22000 	C:\WINDOWS\SYSTEM32\kernel.appcore.dll
0x00007ffb4cd50000 - 0x00007ffb4cd5a000 	C:\Users\Miljana\.jdks\openjdk-16.0.2\bin\jimage.dll
0x00007ffb6c4a0000 - 0x00007ffb6c684000 	C:\WINDOWS\SYSTEM32\DBGHELP.DLL
0x00007ffb63600000 - 0x00007ffb6362c000 	C:\WINDOWS\SYSTEM32\dbgcore.DLL
0x00007ffb6ee70000 - 0x00007ffb6eef3000 	C:\WINDOWS\System32\bcryptPrimitives.dll
0x00007ffb461d0000 - 0x00007ffb461de000 	C:\Users\Miljana\.jdks\openjdk-16.0.2\bin\instrument.dll
0x00007ffb461e0000 - 0x00007ffb46205000 	C:\Users\Miljana\.jdks\openjdk-16.0.2\bin\java.dll
0x00007ffb6efc0000 - 0x00007ffb6f6ff000 	C:\WINDOWS\System32\SHELL32.dll
0x00007ffb6c690000 - 0x00007ffb6ce20000 	C:\WINDOWS\SYSTEM32\windows.storage.dll
0x00007ffb6f910000 - 0x00007ffb6fc65000 	C:\WINDOWS\System32\combase.dll
0x00007ffb6e0e0000 - 0x00007ffb6e10c000 	C:\WINDOWS\SYSTEM32\Wldp.dll
0x00007ffb70400000 - 0x00007ffb704ae000 	C:\WINDOWS\System32\SHCORE.dll
0x00007ffb70ed0000 - 0x00007ffb70f25000 	C:\WINDOWS\System32\shlwapi.dll
0x00007ffb6e5d0000 - 0x00007ffb6e5ef000 	C:\WINDOWS\SYSTEM32\profapi.dll
0x00007ffb461b0000 - 0x00007ffb461c8000 	C:\Users\Miljana\.jdks\openjdk-16.0.2\bin\zip.dll
0x00007ffb4baf0000 - 0x00007ffb4bb09000 	C:\Users\Miljana\.jdks\openjdk-16.0.2\bin\net.dll
0x00007ffb62000000 - 0x00007ffb62108000 	C:\WINDOWS\SYSTEM32\WINHTTP.dll
0x00007ffb6de40000 - 0x00007ffb6deaa000 	C:\WINDOWS\system32\mswsock.dll
0x00007ffb49510000 - 0x00007ffb49523000 	C:\Users\Miljana\.jdks\openjdk-16.0.2\bin\nio.dll
0x00007ffb42520000 - 0x00007ffb4253a000 	C:\Program Files\JetBrains\IntelliJ IDEA Community Edition 2021.1.3\bin\breakgen64.dll
0x00007ffb461a0000 - 0x00007ffb461b0000 	C:\Users\Miljana\.jdks\openjdk-16.0.2\bin\verify.dll
0x00007ffb46140000 - 0x00007ffb46149000 	C:\Users\Miljana\.jdks\openjdk-16.0.2\bin\management.dll
0x00007ffb460e0000 - 0x00007ffb460eb000 	C:\Users\Miljana\.jdks\openjdk-16.0.2\bin\management_ext.dll
0x00007ffb3d1a0000 - 0x00007ffb3d1b7000 	C:\WINDOWS\system32\napinsp.dll
0x00007ffb3d180000 - 0x00007ffb3d19b000 	C:\WINDOWS\system32\pnrpnsp.dll
0x00007ffb3d160000 - 0x00007ffb3d175000 	C:\WINDOWS\system32\wshbth.dll
0x00007ffb65450000 - 0x00007ffb6546d000 	C:\WINDOWS\system32\NLAapi.dll
0x00007ffb6dae0000 - 0x00007ffb6db1b000 	C:\WINDOWS\SYSTEM32\IPHLPAPI.DLL
0x00007ffb6db30000 - 0x00007ffb6dbfc000 	C:\WINDOWS\SYSTEM32\DNSAPI.dll
0x00007ffb70700000 - 0x00007ffb70708000 	C:\WINDOWS\System32\NSI.dll
0x00007ffb3d0f0000 - 0x00007ffb3d102000 	C:\WINDOWS\System32\winrnr.dll
0x00007ffb61fa0000 - 0x00007ffb61faa000 	C:\Windows\System32\rasadhlp.dll
0x00007ffb62220000 - 0x00007ffb6229f000 	C:\WINDOWS\System32\fwpuclnt.dll
0x00007ffb6ef00000 - 0x00007ffb6ef27000 	C:\WINDOWS\System32\bcrypt.dll

dbghelp: loaded successfully - version: 4.0.5 - missing functions: none
symbol engine: initialized successfully - sym options: 0x614 - pdb path: .;C:\Users\Miljana\.jdks\openjdk-16.0.2\bin;C:\WINDOWS\SYSTEM32;C:\WINDOWS\WinSxS\amd64_microsoft.windows.common-controls_6595b64144ccf1df_6.0.19041.1110_none_60b5254171f9507e;C:\Users\Miljana\.jdks\openjdk-16.0.2\bin\server;C:\Program Files\JetBrains\IntelliJ IDEA Community Edition 2021.1.3\bin

VM Arguments:
jvm_args: -javaagent:C:\Program Files\JetBrains\IntelliJ IDEA Community Edition 2021.1.3\lib\idea_rt.jar=50139:C:\Program Files\JetBrains\IntelliJ IDEA Community Edition 2021.1.3\bin -Dfile.encoding=UTF-8 
java_command: com.bootcamp.CarAgency.CarAgencyApplication
java_class_path (initial): C:\Users\Miljana\IdeaProjects\CarAgency\target\classes;C:\Users\Miljana\.m2\repository\org\springframework\boot\spring-boot-starter-web\2.5.5\spring-boot-starter-web-2.5.5.jar;C:\Users\Miljana\.m2\repository\org\springframework\boot\spring-boot-starter\2.5.5\spring-boot-starter-2.5.5.jar;C:\Users\Miljana\.m2\repository\org\springframework\boot\spring-boot\2.5.5\spring-boot-2.5.5.jar;C:\Users\Miljana\.m2\repository\org\springframework\boot\spring-boot-autoconfigure\2.5.5\spring-boot-autoconfigure-2.5.5.jar;C:\Users\Miljana\.m2\repository\org\springframework\boot\spring-boot-starter-logging\2.5.5\spring-boot-starter-logging-2.5.5.jar;C:\Users\Miljana\.m2\repository\ch\qos\logback\logback-classic\1.2.6\logback-classic-1.2.6.jar;C:\Users\Miljana\.m2\repository\ch\qos\logback\logback-core\1.2.6\logback-core-1.2.6.jar;C:\Users\Miljana\.m2\repository\org\apache\logging\log4j\log4j-to-slf4j\2.14.1\log4j-to-slf4j-2.14.1.jar;C:\Users\Miljana\.m2\repository\org\apache\logging\log4j\log4j-api\2.14.1\log4j-api-2.14.1.jar;C:\Users\Miljana\.m2\repository\org\slf4j\jul-to-slf4j\1.7.32\jul-to-slf4j-1.7.32.jar;C:\Users\Miljana\.m2\repository\jakarta\annotation\jakarta.annotation-api\1.3.5\jakarta.annotation-api-1.3.5.jar;C:\Users\Miljana\.m2\repository\org\yaml\snakeyaml\1.28\snakeyaml-1.28.jar;C:\Users\Miljana\.m2\repository\org\springframework\boot\spring-boot-starter-json\2.5.5\spring-boot-starter-json-2.5.5.jar;C:\Users\Miljana\.m2\repository\com\fasterxml\jackson\core\jackson-databind\2.12.5\jackson-databind-2.12.5.jar;C:\Users\Miljana\.m2\repository\com\fasterxml\jackson\core\jackson-annotations\2.12.5\jackson-annotations-2.12.5.jar;C:\Users\Miljana\.m2\repository\com\fasterxml\jackson\core\jackson-core\2.12.5\jackson-core-2.12.5.jar;C:\Users\Miljana\.m2\repository\com\fasterxml\jackson\datatype\jackson-datatype-jdk8\2.12.5\jackson-datatype-jdk8-2.12.5.jar;C:\Users\Miljana\.m2\repository\com\fasterxml\jackson\datatype\jackson-datatype-jsr310\2.12.5\
Launcher Type: SUN_STANDARD

[Global flags]
     intx CICompilerCount                          = 3                                         {product} {ergonomic}
     uint ConcGCThreads                            = 1                                         {product} {ergonomic}
     uint G1ConcRefinementThreads                  = 4                                         {product} {ergonomic}
   size_t G1HeapRegionSize                         = 1048576                                   {product} {ergonomic}
    uintx GCDrainStackTargetSize                   = 64                                        {product} {ergonomic}
   size_t InitialHeapSize                          = 134217728                                 {product} {ergonomic}
   size_t MarkStackSize                            = 4194304                                   {product} {ergonomic}
   size_t MaxHeapSize                              = 2122317824                                {product} {ergonomic}
   size_t MaxNewSize                               = 1272971264                                {product} {ergonomic}
   size_t MinHeapDeltaBytes                        = 1048576                                   {product} {ergonomic}
   size_t MinHeapSize                              = 8388608                                   {product} {ergonomic}
    uintx NonNMethodCodeHeapSize                   = 5832780                                {pd product} {ergonomic}
    uintx NonProfiledCodeHeapSize                  = 122912730                              {pd product} {ergonomic}
    uintx ProfiledCodeHeapSize                     = 122912730                              {pd product} {ergonomic}
    uintx ReservedCodeCacheSize                    = 251658240                              {pd product} {ergonomic}
     bool SegmentedCodeCache                       = true                                      {product} {ergonomic}
   size_t SoftMaxHeapSize                          = 2122317824                             {manageable} {ergonomic}
     bool UseCompressedClassPointers               = true                           {product lp64_product} {ergonomic}
     bool UseCompressedOops                        = true                           {product lp64_product} {ergonomic}
     bool UseG1GC                                  = true                                      {product} {ergonomic}
     bool UseLargePagesIndividualAllocation        = false                                  {pd product} {ergonomic}

Logging:
Log output configuration:
 #0: stdout all=warning uptime,level,tags
 #1: stderr all=off uptime,level,tags

Environment Variables:
JAVA_HOME=C:\Program Files\Java\jdk-14.0.1
CLASSPATH=C:\Program Files (x86)\MySQL\Connector J 8.0\mysql-connector-java-8.0.23.jar
PATH=C:\Python39\Scripts\;C:\Python39\;C:\Program Files\Common Files\Oracle\Java\javapath;C:\Program Files (x86)\Common Files\Oracle\Java\javapath;C:\Python38\Scripts\;C:\Python38\;C:\WINDOWS\system32;C:\WINDOWS;C:\WINDOWS\System32\Wbem;C:\WINDOWS\System32\WindowsPowerShell\v1.0\;C:\WINDOWS\System32\OpenSSH\;C:\ProgramData\chocolatey\bin;C:\Program Files (x86)\Microsoft SQL Server\150\DTS\Binn\;C:\Program Files\Microsoft SQL Server\Client SDK\ODBC\170\Tools\Binn\;C:\Program Files (x86)\Microsoft SQL Server\150\Tools\Binn\;C:\Program Files\Microsoft SQL Server\150\Tools\Binn\;C:\Program Files\Microsoft SQL Server\150\DTS\Binn\;C:\Program Files\Java\jdk-14.0.1\bin;C:\Program Files\apache-maven-3.8.1\bin\bin;C:\Program Files\Git\cmd;C:\Program Files\nodejs\;C:\Program Files\MySQL\MySQL Shell 8.0\bin\;C:\Users\Miljana\AppData\Local\Microsoft\WindowsApps;C:\Users\Miljana\AppData\Local\Programs\Microsoft VS Code\bin;C:\Users\Miljana\AppData\Roaming\npm
USERNAME=Miljana
OS=Windows_NT
PROCESSOR_IDENTIFIER=Intel64 Family 6 Model 142 Stepping 9, GenuineIntel



---------------  S Y S T E M  ---------------

OS:
 Windows 10 , 64 bit Build 19041 (10.0.19041.1202)
OS uptime: 24 days 16:39 hours

CPU: total 4 (initial active 4) (2 cores per cpu, 2 threads per core) family 6 model 142 stepping 9 microcode 0xea, cx8, cmov, fxsr, ht, mmx, 3dnowpref, sse, sse2, sse3, ssse3, sse4.1, sse4.2, popcnt, lzcnt, tsc, tscinvbit, avx, avx2, aes, erms, clmul, bmi1, bmi2, adx, fma, vzeroupper, clflush, clflushopt

Memory: 4k page, system-wide physical 8089M (1113M free)
TotalPageFile size 17051M (AvailPageFile size 1M)
current process WorkingSet (physical memory assigned to process): 149M, peak: 149M
current process commit charge ("private bytes"): 272M, peak: 272M

vm_info: OpenJDK 64-Bit Server VM (16.0.2+7-67) for windows-amd64 JRE (16.0.2+7-67), built on Jun  8 2021 23:21:43 by "mach5one" with MS VC++ 16.7 (VS2019)

END.
