#
# There is insufficient memory for the Java Runtime Environment to continue.
# Native memory allocation (malloc) failed to allocate 455328 bytes for Chunk::new
# Possible reasons:
#   The system is out of physical RAM or swap space
#   The process is running with CompressedOops enabled, and the Java Heap may be blocking the growth of the native heap
# Possible solutions:
#   Reduce memory load on the system
#   Increase physical memory or swap space
#   Check if swap backing store is full
#   Decrease Java heap size (-Xmx/-Xms)
#   Decrease number of Java threads
#   Decrease Java thread stack sizes (-Xss)
#   Set larger code cache with -XX:ReservedCodeCacheSize=
#   JVM is running with Unscaled Compressed Oops mode in which the Java heap is
#     placed in the first 4GB address space. The Java Heap base address is the
#     maximum limit for the native heap growth. Please use -XX:HeapBaseMinAddress
#     to set the Java Heap base and to place the Java Heap above 4GB virtual address.
# This output file may be truncated or incomplete.
#
#  Out of Memory Error (arena.cpp:195), pid=13152, tid=19240
#
# JRE version: OpenJDK Runtime Environment (16.0.2+7) (build 16.0.2+7-67)
# Java VM: OpenJDK 64-Bit Server VM (16.0.2+7-67, mixed mode, sharing, tiered, compressed oops, compressed class ptrs, g1 gc, windows-amd64)
# No core dump will be written. Minidumps are not enabled by default on client versions of Windows
#

---------------  S U M M A R Y ------------

Command Line: -javaagent:C:\Program Files\JetBrains\IntelliJ IDEA Community Edition 2021.1.3\lib\idea_rt.jar=64658:C:\Program Files\JetBrains\IntelliJ IDEA Community Edition 2021.1.3\bin -Dfile.encoding=UTF-8 com.bootcamp.CarAgency.CarAgencyApplication

Host: Intel(R) Core(TM) i3-7020U CPU @ 2.30GHz, 4 cores, 7G,  Windows 10 , 64 bit Build 19041 (10.0.19041.1202)
Time: Tue Oct 12 00:20:08 2021 Central Europe Daylight Time elapsed time: 11.662962 seconds (0d 0h 0m 11s)

---------------  T H R E A D  ---------------

Current thread (0x000001b27f1d6da0):  JavaThread "C2 CompilerThread0" daemon [_thread_in_native, id=19240, stack(0x00000093c7200000,0x00000093c7300000)]


Current CompileTask:
C2:  11663 3222 % !   4       com.sun.crypto.provider.PBKDF2KeyImpl::deriveKey @ 169 (295 bytes)

Stack: [0x00000093c7200000,0x00000093c7300000]
Native frames: (J=compiled Java code, j=interpreted, Vv=VM code, C=native code)
V  [jvm.dll+0x6681ca]
V  [jvm.dll+0x7c9e69]
V  [jvm.dll+0x7cb61e]
V  [jvm.dll+0x7cbc73]
V  [jvm.dll+0x242c55]
V  [jvm.dll+0xadeba]
V  [jvm.dll+0xae45c]
V  [jvm.dll+0x35a8d7]
V  [jvm.dll+0x1b9aca]
V  [jvm.dll+0x215e16]
V  [jvm.dll+0x215100]
V  [jvm.dll+0x1a1beb]
V  [jvm.dll+0x225158]
V  [jvm.dll+0x22319c]
V  [jvm.dll+0x77fa62]
V  [jvm.dll+0x7795aa]
V  [jvm.dll+0x667066]
C  [ucrtbase.dll+0x21bb2]
C  [KERNEL32.DLL+0x17034]
C  [ntdll.dll+0x52651]


---------------  P R O C E S S  ---------------

Threads class SMR info:
_java_thread_list=0x000001b212471a40, length=17, elements={
0x000001b272a9efd0, 0x000001b27f1c29b0, 0x000001b27f1c3870, 0x000001b27f1cf040,
0x000001b27f1d0c50, 0x000001b27f1d3660, 0x000001b27f1d6070, 0x000001b27f1d6da0,
0x000001b27f1d7890, 0x000001b27f208120, 0x000001b27fc413c0, 0x000001b27feda270,
0x000001b27feda790, 0x000001b211363ff0, 0x000001b21124d050, 0x000001b2141f7cc0,
0x000001b2140dc780
}

Java Threads: ( => current thread )
  0x000001b272a9efd0 JavaThread "main" [_thread_in_vm, id=17860, stack(0x00000093c6400000,0x00000093c6500000)]
  0x000001b27f1c29b0 JavaThread "Reference Handler" daemon [_thread_blocked, id=1180, stack(0x00000093c6c00000,0x00000093c6d00000)]
  0x000001b27f1c3870 JavaThread "Finalizer" daemon [_thread_blocked, id=6568, stack(0x00000093c6d00000,0x00000093c6e00000)]
  0x000001b27f1cf040 JavaThread "Signal Dispatcher" daemon [_thread_blocked, id=17928, stack(0x00000093c6e00000,0x00000093c6f00000)]
  0x000001b27f1d0c50 JavaThread "Attach Listener" daemon [_thread_blocked, id=17504, stack(0x00000093c6f00000,0x00000093c7000000)]
  0x000001b27f1d3660 JavaThread "Service Thread" daemon [_thread_blocked, id=17644, stack(0x00000093c7000000,0x00000093c7100000)]
  0x000001b27f1d6070 JavaThread "Monitor Deflation Thread" daemon [_thread_blocked, id=14956, stack(0x00000093c7100000,0x00000093c7200000)]
=>0x000001b27f1d6da0 JavaThread "C2 CompilerThread0" daemon [_thread_in_native, id=19240, stack(0x00000093c7200000,0x00000093c7300000)]
  0x000001b27f1d7890 JavaThread "C1 CompilerThread0" daemon [_thread_in_native, id=5288, stack(0x00000093c7300000,0x00000093c7400000)]
  0x000001b27f208120 JavaThread "Sweeper thread" daemon [_thread_blocked, id=18324, stack(0x00000093c7400000,0x00000093c7500000)]
  0x000001b27fc413c0 JavaThread "Common-Cleaner" daemon [_thread_blocked, id=1976, stack(0x00000093c7500000,0x00000093c7600000)]
  0x000001b27feda270 JavaThread "Monitor Ctrl-Break" daemon [_thread_in_native, id=18864, stack(0x00000093c7700000,0x00000093c7800000)]
  0x000001b27feda790 JavaThread "Notification Thread" daemon [_thread_blocked, id=9876, stack(0x00000093c7800000,0x00000093c7900000)]
  0x000001b211363ff0 JavaThread "C2 CompilerThread1" daemon [_thread_blocked, id=16988, stack(0x00000093c7d00000,0x00000093c7e00000)]
  0x000001b21124d050 JavaThread "Catalina-utility-1" [_thread_blocked, id=6552, stack(0x00000093c7e00000,0x00000093c7f00000)]
  0x000001b2141f7cc0 JavaThread "Catalina-utility-2" [_thread_blocked, id=16876, stack(0x00000093c7f00000,0x00000093c8000000)]
  0x000001b2140dc780 JavaThread "container-0" [_thread_blocked, id=17476, stack(0x00000093c8000000,0x00000093c8100000)]

Other Threads:
  0x000001b27f1bc950 VMThread "VM Thread" [stack: 0x00000093c6b00000,0x00000093c6c00000] [id=15060]
  0x000001b272a9ffd0 WatcherThread [stack: 0x00000093c7900000,0x00000093c7a00000] [id=14148]
  0x000001b272adfa90 GCTaskThread "GC Thread#0" [stack: 0x00000093c6600000,0x00000093c6700000] [id=2012]
  0x000001b2113793b0 GCTaskThread "GC Thread#1" [stack: 0x00000093c7600000,0x00000093c7700000] [id=16172]
  0x000001b2113796c0 GCTaskThread "GC Thread#2" [stack: 0x00000093c7a00000,0x00000093c7b00000] [id=5372]
  0x000001b21141e550 GCTaskThread "GC Thread#3" [stack: 0x00000093c7b00000,0x00000093c7c00000] [id=18808]
  0x000001b272af07d0 ConcurrentGCThread "G1 Main Marker" [stack: 0x00000093c6700000,0x00000093c6800000] [id=17652]
  0x000001b272af1240 ConcurrentGCThread "G1 Conc#0" [stack: 0x00000093c6800000,0x00000093c6900000] [id=15964]
  0x000001b272b67620 ConcurrentGCThread "G1 Refine#0" [stack: 0x00000093c6900000,0x00000093c6a00000] [id=17896]
  0x000001b2113cf910 ConcurrentGCThread "G1 Refine#1" [stack: 0x00000093c7c00000,0x00000093c7d00000] [id=13348]
  0x000001b272b68840 ConcurrentGCThread "G1 Service" [stack: 0x00000093c6a00000,0x00000093c6b00000] [id=6488]

Threads with active compile tasks:
C2 CompilerThread0    11730 3222 % !   4       com.sun.crypto.provider.PBKDF2KeyImpl::deriveKey @ 169 (295 bytes)
C1 CompilerThread0    11730 3232       3       java.net.URLStreamHandler::parseURL (1201 bytes)

VM state: not at safepoint (normal execution)

VM Mutex/Monitor currently owned by a thread: None

Heap address: 0x0000000081800000, size: 2024 MB, Compressed Oops mode: 32-bit

CDS archive(s) mapped at: [0x0000000800000000-0x0000000800bb0000-0x0000000800bb0000), size 12255232, SharedBaseAddress: 0x0000000800000000, ArchiveRelocationMode: 0.
Compressed class space mapped at: 0x0000000800c00000-0x0000000840c00000, reserved size: 1073741824
Narrow klass base: 0x0000000800000000, Narrow klass shift: 3, Narrow klass range: 0x100000000

GC Precious Log:
 CPUs: 4 total, 4 available
 Memory: 8089M
 Large Page Support: Disabled
 NUMA Support: Disabled
 Compressed Oops: Enabled (32-bit)
 Heap Region Size: 1M
 Heap Min Capacity: 8M
 Heap Initial Capacity: 128M
 Heap Max Capacity: 2024M
 Pre-touch: Disabled
 Parallel Workers: 4
 Concurrent Workers: 1
 Concurrent Refinement Workers: 4
 Periodic GC: Disabled

Heap:
 garbage-first heap   total 37888K, used 13316K [0x0000000081800000, 0x0000000100000000)
  region size 1024K, 5 young (5120K), 2 survivors (2048K)
 Metaspace       used 25652K, committed 25920K, reserved 1073152K
  class space    used 3109K, committed 3264K, reserved 1048576K

Heap Regions: E=young(eden), S=young(survivor), O=old, HS=humongous(starts), HC=humongous(continues), CS=collection set, F=free, OA=open archive, CA=closed archive, TAMS=top-at-mark-start (previous, next)
|   0|0x0000000081800000, 0x0000000081900000, 0x0000000081900000|100%| O|  |TAMS 0x0000000081900000, 0x0000000081800000| Untracked 
|   1|0x0000000081900000, 0x0000000081a00000, 0x0000000081a00000|100%| O|  |TAMS 0x0000000081a00000, 0x0000000081900000| Untracked 
|   2|0x0000000081a00000, 0x0000000081b00000, 0x0000000081b00000|100%| O|  |TAMS 0x0000000081b00000, 0x0000000081a00000| Untracked 
|   3|0x0000000081b00000, 0x0000000081bff600, 0x0000000081c00000| 99%| O|  |TAMS 0x0000000081bff600, 0x0000000081b00000| Untracked 
|   4|0x0000000081c00000, 0x0000000081d00000, 0x0000000081d00000|100%| O|  |TAMS 0x0000000081c00000, 0x0000000081c00000| Untracked 
|   5|0x0000000081d00000, 0x0000000081e00000, 0x0000000081e00000|100%| O|  |TAMS 0x0000000081d00000, 0x0000000081d00000| Untracked 
|   6|0x0000000081e00000, 0x0000000081f00000, 0x0000000081f00000|100%| O|  |TAMS 0x0000000081e00000, 0x0000000081e00000| Untracked 
|   7|0x0000000081f00000, 0x0000000082000000, 0x0000000082000000|100%| O|  |TAMS 0x0000000081f00000, 0x0000000081f00000| Untracked 
|   8|0x0000000082000000, 0x0000000082100000, 0x0000000082100000|100%| O|  |TAMS 0x0000000082000000, 0x0000000082000000| Untracked 
|   9|0x0000000082100000, 0x0000000082101c00, 0x0000000082200000|  0%| O|  |TAMS 0x0000000082100000, 0x0000000082100000| Untracked 
|  10|0x0000000082200000, 0x0000000082200000, 0x0000000082300000|  0%| F|  |TAMS 0x0000000082200000, 0x0000000082200000| Untracked 
|  11|0x0000000082300000, 0x0000000082300000, 0x0000000082400000|  0%| F|  |TAMS 0x0000000082300000, 0x0000000082300000| Untracked 
|  12|0x0000000082400000, 0x0000000082400000, 0x0000000082500000|  0%| F|  |TAMS 0x0000000082400000, 0x0000000082400000| Untracked 
|  13|0x0000000082500000, 0x0000000082600000, 0x0000000082600000|100%| S|CS|TAMS 0x0000000082500000, 0x0000000082500000| Complete 
|  14|0x0000000082600000, 0x0000000082700000, 0x0000000082700000|100%| S|CS|TAMS 0x0000000082600000, 0x0000000082600000| Complete 
|  15|0x0000000082700000, 0x0000000082700000, 0x0000000082800000|  0%| F|  |TAMS 0x0000000082700000, 0x0000000082700000| Untracked 
|  16|0x0000000082800000, 0x0000000082800000, 0x0000000082900000|  0%| F|  |TAMS 0x0000000082800000, 0x0000000082800000| Untracked 
|  17|0x0000000082900000, 0x0000000082900000, 0x0000000082a00000|  0%| F|  |TAMS 0x0000000082900000, 0x0000000082900000| Untracked 
|  18|0x0000000082a00000, 0x0000000082a00000, 0x0000000082b00000|  0%| F|  |TAMS 0x0000000082a00000, 0x0000000082a00000| Untracked 
|  19|0x0000000082b00000, 0x0000000082b00000, 0x0000000082c00000|  0%| F|  |TAMS 0x0000000082b00000, 0x0000000082b00000| Untracked 
|  20|0x0000000082c00000, 0x0000000082c00000, 0x0000000082d00000|  0%| F|  |TAMS 0x0000000082c00000, 0x0000000082c00000| Untracked 
|  21|0x0000000082d00000, 0x0000000082d00000, 0x0000000082e00000|  0%| F|  |TAMS 0x0000000082d00000, 0x0000000082d00000| Untracked 
|  22|0x0000000082e00000, 0x0000000082e00000, 0x0000000082f00000|  0%| F|  |TAMS 0x0000000082e00000, 0x0000000082e00000| Untracked 
|  23|0x0000000082f00000, 0x0000000082f00000, 0x0000000083000000|  0%| F|  |TAMS 0x0000000082f00000, 0x0000000082f00000| Untracked 
|  24|0x0000000083000000, 0x0000000083000000, 0x0000000083100000|  0%| F|  |TAMS 0x0000000083000000, 0x0000000083000000| Untracked 
|  25|0x0000000083100000, 0x0000000083100000, 0x0000000083200000|  0%| F|  |TAMS 0x0000000083100000, 0x0000000083100000| Untracked 
|  26|0x0000000083200000, 0x0000000083200000, 0x0000000083300000|  0%| F|  |TAMS 0x0000000083200000, 0x0000000083200000| Untracked 
|  27|0x0000000083300000, 0x0000000083300000, 0x0000000083400000|  0%| F|  |TAMS 0x0000000083300000, 0x0000000083300000| Untracked 
|  28|0x0000000083400000, 0x0000000083400000, 0x0000000083500000|  0%| F|  |TAMS 0x0000000083400000, 0x0000000083400000| Untracked 
|  29|0x0000000083500000, 0x0000000083500000, 0x0000000083600000|  0%| F|  |TAMS 0x0000000083500000, 0x0000000083500000| Untracked 
|  83|0x0000000086b00000, 0x0000000086b00000, 0x0000000086c00000|  0%| F|  |TAMS 0x0000000086b00000, 0x0000000086b00000| Untracked 
|  84|0x0000000086c00000, 0x0000000086c00000, 0x0000000086d00000|  0%| F|  |TAMS 0x0000000086c00000, 0x0000000086c00000| Untracked 
|  85|0x0000000086d00000, 0x0000000086d00000, 0x0000000086e00000|  0%| F|  |TAMS 0x0000000086d00000, 0x0000000086d00000| Untracked 
|  86|0x0000000086e00000, 0x0000000086e00000, 0x0000000086f00000|  0%| F|  |TAMS 0x0000000086e00000, 0x0000000086e00000| Untracked 
|  87|0x0000000086f00000, 0x0000000086f7b630, 0x0000000087000000| 48%| E|  |TAMS 0x0000000086f00000, 0x0000000086f00000| Complete 
|  88|0x0000000087000000, 0x0000000087100000, 0x0000000087100000|100%| E|CS|TAMS 0x0000000087000000, 0x0000000087000000| Complete 
| 127|0x0000000089700000, 0x0000000089800000, 0x0000000089800000|100%| E|CS|TAMS 0x0000000089700000, 0x0000000089700000| Complete 

Card table byte_map: [0x000001b27a610000,0x000001b27aa10000] _byte_map_base: 0x000001b27a204000

Marking Bits (Prev, Next): (CMBitMap*) 0x000001b272ae0140, (CMBitMap*) 0x000001b272ae0100
 Prev Bits: [0x000001b27cdb0000, 0x000001b27ed50000)
 Next Bits: [0x000001b27ae10000, 0x000001b27cdb0000)

Polling page: 0x000001b270800000

Metaspace:

Usage:
  Non-class:     22.02 MB used.
      Class:      3.04 MB used.
       Both:     25.05 MB used.

Virtual space:
  Non-class space:       24.00 MB reserved,      22.12 MB ( 92%) committed,  3 nodes.
      Class space:        1.00 GB reserved,       3.19 MB ( <1%) committed,  1 nodes.
              Both:        1.02 GB reserved,      25.31 MB (  2%) committed. 

Chunk freelists:
   Non-Class:  1.75 MB
       Class:  816.00 KB
        Both:  2.55 MB

MaxMetaspaceSize: 17179869184.00 GB
CompressedClassSpaceSize: 1.00 GB
 - commit_granule_bytes: 65536.
 - commit_granule_words: 8192.
 - virtual_space_node_default_size: 1048576.
 - enlarge_chunks_in_place: 1.
 - new_chunks_are_fully_committed: 0.
 - uncommit_free_chunks: 1.
 - use_allocation_guard: 0.
 - handle_deallocations: 1.


Internal statistics:

num_allocs_failed_limit: 3.
num_arena_births: 288.
num_arena_deaths: 0.
num_vsnodes_births: 4.
num_vsnodes_deaths: 0.
num_space_committed: 405.
num_space_uncommitted: 0.
num_chunks_returned_to_freelist: 3.
num_chunks_taken_from_freelist: 1109.
num_chunk_merges: 3.
num_chunk_splits: 770.
num_chunks_enlarged: 605.
num_purges: 0.

CodeHeap 'non-profiled nmethods': size=120000Kb used=1718Kb max_used=1718Kb free=118281Kb
 bounds [0x000001b207ad0000, 0x000001b207d40000, 0x000001b20f000000]
CodeHeap 'profiled nmethods': size=120000Kb used=6883Kb max_used=6883Kb free=113116Kb
 bounds [0x000001b2005a0000, 0x000001b200c60000, 0x000001b207ad0000]
CodeHeap 'non-nmethods': size=5760Kb used=1227Kb max_used=1317Kb free=4532Kb
 bounds [0x000001b200000000, 0x000001b200270000, 0x000001b2005a0000]
 total_blobs=3749 nmethods=3223 adapters=438
 compilation: enabled
              stopped_count=0, restarted_count=0
 full_count=0

Compilation events (20 events):
Event: 11.585 Thread 0x000001b27f1d6da0 nmethod 3217 0x000001b207c79710 code [0x000001b207c798a0, 0x000001b207c79af8]
Event: 11.585 Thread 0x000001b27f1d6da0 3220       4       sun.security.provider.ByteArrayAccess::i2bBig4 (111 bytes)
Event: 11.585 Thread 0x000001b211363ff0 nmethod 3215 0x000001b207c79c90 code [0x000001b207c79e20, 0x000001b207c7a158]
Event: 11.585 Thread 0x000001b211363ff0 3221   !   4       javax.crypto.Mac::chooseFirstProvider (236 bytes)
Event: 11.586 Thread 0x000001b211363ff0 nmethod 3221 0x000001b207c7a390 code [0x000001b207c7a520, 0x000001b207c7a5b8]
Event: 11.586 Thread 0x000001b27f1d6da0 nmethod 3220 0x000001b207c7a690 code [0x000001b207c7a820, 0x000001b207c7a8d8]
Event: 11.587 Thread 0x000001b27f1d6da0 3222 % !   4       com.sun.crypto.provider.PBKDF2KeyImpl::deriveKey @ 169 (295 bytes)
Event: 11.587 Thread 0x000001b211363ff0 3223       4       sun.security.provider.DigestBase::engineDigest (112 bytes)
Event: 11.595 Thread 0x000001b27f1d7890 3225       3       java.lang.invoke.MethodHandles$Lookup::resolveOrFail (53 bytes)
Event: 11.597 Thread 0x000001b27f1d7890 nmethod 3225 0x000001b200c46010 code [0x000001b200c46260, 0x000001b200c46a78]
Event: 11.602 Thread 0x000001b211363ff0 nmethod 3223 0x000001b207c7a990 code [0x000001b207c7ab60, 0x000001b207c7b198]
Event: 11.602 Thread 0x000001b211363ff0 3224       4       sun.security.provider.SHA2::implDigest (98 bytes)
Event: 11.615 Thread 0x000001b211363ff0 nmethod 3224 0x000001b207c7b690 code [0x000001b207c7b840, 0x000001b207c7bcf8]
Event: 11.628 Thread 0x000001b27f1d7890 3226       3       java.lang.String::<init> (10 bytes)
Event: 11.628 Thread 0x000001b27f1d7890 nmethod 3226 0x000001b200c46e10 code [0x000001b200c46fc0, 0x000001b200c47108]
Event: 11.643 Thread 0x000001b27f1d7890 3227       1       jdk.internal.reflect.DelegatingMethodAccessorImpl::setDelegate (6 bytes)
Event: 11.643 Thread 0x000001b27f1d7890 nmethod 3227 0x000001b207c7c090 code [0x000001b207c7c220, 0x000001b207c7c338]
Event: 11.644 Thread 0x000001b211363ff0 3228       4       java.lang.String::toLowerCase (8 bytes)
Event: 11.647 Thread 0x000001b27f1d7890 3229       3       java.net.URLStreamHandler::setURL (73 bytes)
Event: 11.649 Thread 0x000001b27f1d7890 nmethod 3229 0x000001b200c47210 code [0x000001b200c47500, 0x000001b200c48378]

GC Heap History (10 events):
Event: 1.923 GC heap before
{Heap before GC invocations=0 (full 0):
 garbage-first heap   total 131072K, used 12288K [0x0000000081800000, 0x0000000100000000)
  region size 1024K, 13 young (13312K), 0 survivors (0K)
 Metaspace       used 3929K, committed 4032K, reserved 1056768K
  class space    used 395K, committed 448K, reserved 1048576K
}
Event: 2.138 GC heap after
{Heap after GC invocations=1 (full 0):
 garbage-first heap   total 131072K, used 3915K [0x0000000081800000, 0x0000000100000000)
  region size 1024K, 2 young (2048K), 2 survivors (2048K)
 Metaspace       used 3929K, committed 4032K, reserved 1056768K
  class space    used 395K, committed 448K, reserved 1048576K
}
Event: 3.506 GC heap before
{Heap before GC invocations=1 (full 0):
 garbage-first heap   total 131072K, used 15179K [0x0000000081800000, 0x0000000100000000)
  region size 1024K, 13 young (13312K), 2 survivors (2048K)
 Metaspace       used 6803K, committed 6976K, reserved 1056768K
  class space    used 794K, committed 896K, reserved 1048576K
}
Event: 3.513 GC heap after
{Heap after GC invocations=2 (full 0):
 garbage-first heap   total 131072K, used 5193K [0x0000000081800000, 0x0000000100000000)
  region size 1024K, 2 young (2048K), 2 survivors (2048K)
 Metaspace       used 6803K, committed 6976K, reserved 1056768K
  class space    used 794K, committed 896K, reserved 1048576K
}
Event: 5.205 GC heap before
{Heap before GC invocations=2 (full 0):
 garbage-first heap   total 131072K, used 31817K [0x0000000081800000, 0x0000000100000000)
  region size 1024K, 29 young (29696K), 2 survivors (2048K)
 Metaspace       used 14341K, committed 14528K, reserved 1064960K
  class space    used 1743K, committed 1856K, reserved 1048576K
}
Event: 5.212 GC heap after
{Heap after GC invocations=3 (full 0):
 garbage-first heap   total 131072K, used 6494K [0x0000000081800000, 0x0000000100000000)
  region size 1024K, 3 young (3072K), 3 survivors (3072K)
 Metaspace       used 14341K, committed 14528K, reserved 1064960K
  class space    used 1743K, committed 1856K, reserved 1048576K
}
Event: 9.518 GC heap before
{Heap before GC invocations=3 (full 0):
 garbage-first heap   total 131072K, used 42334K [0x0000000081800000, 0x0000000100000000)
  region size 1024K, 39 young (39936K), 3 survivors (3072K)
 Metaspace       used 20953K, committed 21248K, reserved 1073152K
  class space    used 2576K, committed 2752K, reserved 1048576K
}
Event: 9.535 GC heap after
{Heap after GC invocations=4 (full 0):
 garbage-first heap   total 131072K, used 9599K [0x0000000081800000, 0x0000000100000000)
  region size 1024K, 6 young (6144K), 6 survivors (6144K)
 Metaspace       used 20953K, committed 21248K, reserved 1073152K
  class space    used 2576K, committed 2752K, reserved 1048576K
}
Event: 11.441 GC heap before
{Heap before GC invocations=5 (full 0):
 garbage-first heap   total 37888K, used 25983K [0x0000000081800000, 0x0000000100000000)
  region size 1024K, 22 young (22528K), 6 survivors (6144K)
 Metaspace       used 24934K, committed 25280K, reserved 1073152K
  class space    used 3024K, committed 3200K, reserved 1048576K
}
Event: 11.460 GC heap after
{Heap after GC invocations=6 (full 0):
 garbage-first heap   total 37888K, used 11268K [0x0000000081800000, 0x0000000100000000)
  region size 1024K, 2 young (2048K), 2 survivors (2048K)
 Metaspace       used 24934K, committed 25280K, reserved 1073152K
  class space    used 3024K, committed 3200K, reserved 1048576K
}

Deoptimization events (20 events):
Event: 11.568 Thread 0x000001b272a9efd0 DEOPT PACKING pc=0x000001b200c184a5 sp=0x00000093c64fbd70
Event: 11.568 Thread 0x000001b272a9efd0 DEOPT UNPACKING pc=0x000001b20004dece sp=0x00000093c64fb1c8 mode 0
Event: 11.569 Thread 0x000001b272a9efd0 DEOPT PACKING pc=0x000001b200c184a5 sp=0x00000093c64fbd00
Event: 11.569 Thread 0x000001b272a9efd0 DEOPT UNPACKING pc=0x000001b20004dece sp=0x00000093c64fb158 mode 0
Event: 11.569 Thread 0x000001b272a9efd0 DEOPT PACKING pc=0x000001b200c184a5 sp=0x00000093c64fbe10
Event: 11.569 Thread 0x000001b272a9efd0 DEOPT UNPACKING pc=0x000001b20004dece sp=0x00000093c64fb268 mode 0
Event: 11.570 Thread 0x000001b272a9efd0 DEOPT PACKING pc=0x000001b200c184a5 sp=0x00000093c64fbd00
Event: 11.570 Thread 0x000001b272a9efd0 DEOPT UNPACKING pc=0x000001b20004dece sp=0x00000093c64fb158 mode 0
Event: 11.571 Thread 0x000001b272a9efd0 DEOPT PACKING pc=0x000001b200c184a5 sp=0x00000093c64fbd70
Event: 11.571 Thread 0x000001b272a9efd0 DEOPT UNPACKING pc=0x000001b20004dece sp=0x00000093c64fb1c8 mode 0
Event: 11.572 Thread 0x000001b272a9efd0 DEOPT PACKING pc=0x000001b200c184a5 sp=0x00000093c64fbd00
Event: 11.572 Thread 0x000001b272a9efd0 DEOPT UNPACKING pc=0x000001b20004dece sp=0x00000093c64fb158 mode 0
Event: 11.572 Thread 0x000001b272a9efd0 DEOPT PACKING pc=0x000001b200c184a5 sp=0x00000093c64fbe10
Event: 11.572 Thread 0x000001b272a9efd0 DEOPT UNPACKING pc=0x000001b20004dece sp=0x00000093c64fb268 mode 0
Event: 11.572 Thread 0x000001b272a9efd0 DEOPT PACKING pc=0x000001b200c184a5 sp=0x00000093c64fbd00
Event: 11.572 Thread 0x000001b272a9efd0 DEOPT UNPACKING pc=0x000001b20004dece sp=0x00000093c64fb158 mode 0
Event: 11.574 Thread 0x000001b272a9efd0 DEOPT PACKING pc=0x000001b200c184a5 sp=0x00000093c64fbd00
Event: 11.574 Thread 0x000001b272a9efd0 DEOPT UNPACKING pc=0x000001b20004dece sp=0x00000093c64fb158 mode 0
Event: 11.576 Thread 0x000001b272a9efd0 DEOPT PACKING pc=0x000001b200c184a5 sp=0x00000093c64fbc90
Event: 11.576 Thread 0x000001b272a9efd0 DEOPT UNPACKING pc=0x000001b20004dece sp=0x00000093c64fb0e8 mode 0

Classes unloaded (0 events):
No events

Classes redefined (0 events):
No events

Internal exceptions (20 events):
Event: 8.029 Thread 0x000001b272a9efd0 Exception <a 'java/lang/ClassNotFoundException'{0x0000000087d172b0}: org/springframework/beans/factory/config/BeanPostProcessorCustomizer> (0x0000000087d172b0) 
thrown [t:\workspace\open\src\hotspot\share\classfile\systemDictionary.cpp, line 256]
Event: 8.030 Thread 0x000001b272a9efd0 Exception <a 'java/lang/ClassNotFoundException'{0x0000000087d1b3a8}: org/springframework/beans/factory/BeanFactoryAwareCustomizer> (0x0000000087d1b3a8) 
thrown [t:\workspace\open\src\hotspot\share\classfile\systemDictionary.cpp, line 256]
Event: 8.030 Thread 0x000001b272a9efd0 Exception <a 'java/lang/ClassNotFoundException'{0x0000000087d1f400}: org/springframework/beans/factory/AwareCustomizer> (0x0000000087d1f400) 
thrown [t:\workspace\open\src\hotspot\share\classfile\systemDictionary.cpp, line 256]
Event: 8.031 Thread 0x000001b272a9efd0 Exception <a 'java/lang/ClassNotFoundException'{0x0000000087d21970}: org/springframework/core/OrderedCustomizer> (0x0000000087d21970) 
thrown [t:\workspace\open\src\hotspot\share\classfile\systemDictionary.cpp, line 256]
Event: 8.033 Thread 0x000001b272a9efd0 Exception <a 'java/lang/ClassNotFoundException'{0x0000000087d24c60}: org/springframework/beans/factory/BeanClassLoaderAwareCustomizer> (0x0000000087d24c60) 
thrown [t:\workspace\open\src\hotspot\share\classfile\systemDictionary.cpp, line 256]
Event: 8.033 Thread 0x000001b272a9efd0 Exception <a 'java/lang/ClassNotFoundException'{0x0000000087d28110}: org/springframework/beans/factory/AwareCustomizer> (0x0000000087d28110) 
thrown [t:\workspace\open\src\hotspot\share\classfile\systemDictionary.cpp, line 256]
Event: 8.034 Thread 0x000001b272a9efd0 Exception <a 'java/lang/ClassNotFoundException'{0x0000000087d2a8a0}: org/springframework/aop/framework/AopInfrastructureBeanCustomizer> (0x0000000087d2a8a0) 
thrown [t:\workspace\open\src\hotspot\share\classfile\systemDictionary.cpp, line 256]
Event: 8.161 Thread 0x000001b272a9efd0 Exception <a 'java/lang/NoSuchMethodError'{0x0000000087c5b8c8}: 'int java.lang.invoke.DirectMethodHandle$Holder.invokeSpecial(java.lang.Object, java.lang.Object, java.lang.Object, java.lang.Object, java.lang.Object)'> (0x0000000087c5b8c8) 
thrown [t:\workspace\open\src\hotspot\share\interpreter\linkResolver.cpp, line 790]
Event: 8.511 Thread 0x000001b272a9efd0 Exception <a 'java/lang/NoSuchMethodError'{0x00000000877d9a28}: 'void java.lang.invoke.DirectMethodHandle$Holder.invokeInterface(java.lang.Object, java.lang.Object, int)'> (0x00000000877d9a28) 
thrown [t:\workspace\open\src\hotspot\share\interpreter\linkResolver.cpp, line 790]
Event: 8.516 Thread 0x000001b272a9efd0 Exception <a 'java/lang/NoSuchMethodError'{0x00000000877f4438}: 'int java.lang.invoke.DirectMethodHandle$Holder.invokeVirtual(java.lang.Object, java.lang.Object)'> (0x00000000877f4438) 
thrown [t:\workspace\open\src\hotspot\share\interpreter\linkResolver.cpp, line 790]
Event: 8.531 Thread 0x000001b272a9efd0 Exception <a 'java/lang/IncompatibleClassChangeError'{0x00000000876305f0}: Found class java.lang.Object, but interface was expected> (0x00000000876305f0) 
thrown [t:\workspace\open\src\hotspot\share\interpreter\linkResolver.cpp, line 857]
Event: 8.533 Thread 0x000001b272a9efd0 Exception <a 'java/lang/NoSuchMethodError'{0x0000000087635a28}: 'void java.lang.invoke.DirectMethodHandle$Holder.invokeStatic(java.lang.Object, int, java.lang.Object)'> (0x0000000087635a28) 
thrown [t:\workspace\open\src\hotspot\share\interpreter\linkResolver.cpp, line 790]
Event: 8.545 Thread 0x000001b272a9efd0 Exception <a 'java/lang/NoSuchMethodError'{0x00000000876656f0}: 'int java.lang.invoke.DirectMethodHandle$Holder.invokeSpecial(java.lang.Object, java.lang.Object, int)'> (0x00000000876656f0) 
thrown [t:\workspace\open\src\hotspot\share\interpreter\linkResolver.cpp, line 790]
Event: 8.990 Thread 0x000001b272a9efd0 Exception <a 'java/lang/NoSuchMethodError'{0x00000000873dcb18}: 'java.lang.Object java.lang.invoke.DirectMethodHandle$Holder.invokeStaticInit(java.lang.Object, int, int, int, int)'> (0x00000000873dcb18) 
thrown [t:\workspace\open\src\hotspot\share\interpreter\linkResolver.cpp, line 790]
Event: 9.463 Thread 0x000001b272a9efd0 Exception <a 'java/lang/NoSuchMethodError'{0x00000000872a3720}: 'java.lang.Object java.lang.invoke.DirectMethodHandle$Holder.invokeStaticInit(java.lang.Object, java.lang.Object, int, int, int, int)'> (0x00000000872a3720) 
thrown [t:\workspace\open\src\hotspot\share\interpreter\linkResolver.cpp, line 790]
Event: 10.089 Thread 0x000001b272a9efd0 Implicit null exception at 0x000001b207bbd74b to 0x000001b207bc0560
Event: 10.248 Thread 0x000001b272a9efd0 Exception <a 'java/io/FileNotFoundException'{0x0000000082ed0ce0}> (0x0000000082ed0ce0) 
thrown [t:\workspace\open\src\hotspot\share\prims\jni.cpp, line 579]
Event: 10.381 Thread 0x000001b272a9efd0 Exception <a 'java/lang/NoSuchMethodError'{0x0000000082dba810}: 'int java.lang.invoke.DirectMethodHandle$Holder.invokeInterface(java.lang.Object, java.lang.Object, java.lang.Object, java.lang.Object)'> (0x0000000082dba810) 
thrown [t:\workspace\open\src\hotspot\share\interpreter\linkResolver.cpp, line 790]
Event: 10.582 Thread 0x000001b272a9efd0 Exception <a 'java/io/FileNotFoundException'{0x0000000082b6dbb0}> (0x0000000082b6dbb0) 
thrown [t:\workspace\open\src\hotspot\share\prims\jni.cpp, line 579]
Event: 11.484 Thread 0x000001b272a9efd0 Exception <a 'sun/nio/fs/WindowsException'{0x0000000089756750}> (0x0000000089756750) 
thrown [t:\workspace\open\src\hotspot\share\prims\jni.cpp, line 579]

Events (20 events):
Event: 11.498 loading class sun/nio/cs/ThreadLocalCoders
Event: 11.498 loading class sun/nio/cs/ThreadLocalCoders done
Event: 11.498 loading class sun/nio/cs/ThreadLocalCoders$1
Event: 11.498 loading class sun/nio/cs/ThreadLocalCoders$Cache
Event: 11.499 loading class sun/nio/cs/ThreadLocalCoders$Cache done
Event: 11.499 loading class sun/nio/cs/ThreadLocalCoders$1 done
Event: 11.499 loading class sun/nio/cs/ThreadLocalCoders$2
Event: 11.499 loading class sun/nio/cs/ThreadLocalCoders$2 done
Event: 11.499 loading class javax/crypto/Mac
Event: 11.499 loading class javax/crypto/Mac done
Event: 11.499 loading class javax/crypto/MacSpi
Event: 11.499 loading class javax/crypto/MacSpi done
Event: 11.500 loading class com/sun/crypto/provider/HmacCore$HmacSHA256
Event: 11.500 loading class com/sun/crypto/provider/HmacCore
Event: 11.500 loading class com/sun/crypto/provider/HmacCore done
Event: 11.500 loading class com/sun/crypto/provider/HmacCore$HmacSHA256 done
Event: 11.500 loading class com/sun/crypto/provider/PBKDF2KeyImpl$1
Event: 11.500 loading class com/sun/crypto/provider/PBKDF2KeyImpl$1 done
Event: 11.597 loading class javax/crypto/spec/SecretKeySpec
Event: 11.597 loading class javax/crypto/spec/SecretKeySpec done


Dynamic libraries:
0x00007ff7cf0e0000 - 0x00007ff7cf0ee000 	C:\Users\Miljana\.jdks\openjdk-16.0.2\bin\java.exe
0x00007ffb70f70000 - 0x00007ffb71165000 	C:\WINDOWS\SYSTEM32\ntdll.dll
0x00007ffb6fdd0000 - 0x00007ffb6fe8e000 	C:\WINDOWS\System32\KERNEL32.DLL
0x00007ffb6eba0000 - 0x00007ffb6ee69000 	C:\WINDOWS\System32\KERNELBASE.dll
0x00007ffb6ea50000 - 0x00007ffb6eb50000 	C:\WINDOWS\System32\ucrtbase.dll
0x00007ffb5bfa0000 - 0x00007ffb5bfb8000 	C:\Users\Miljana\.jdks\openjdk-16.0.2\bin\jli.dll
0x00007ffb6f700000 - 0x00007ffb6f8a1000 	C:\WINDOWS\System32\USER32.dll
0x00007ffb6ef30000 - 0x00007ffb6ef52000 	C:\WINDOWS\System32\win32u.dll
0x00007ffb6fe90000 - 0x00007ffb6febb000 	C:\WINDOWS\System32\GDI32.dll
0x00007ffb6e890000 - 0x00007ffb6e99b000 	C:\WINDOWS\System32\gdi32full.dll
0x00007ffb6e7f0000 - 0x00007ffb6e88d000 	C:\WINDOWS\System32\msvcp_win.dll
0x00007ffb4bb10000 - 0x00007ffb4bb29000 	C:\Users\Miljana\.jdks\openjdk-16.0.2\bin\VCRUNTIME140.dll
0x00007ffb5c9e0000 - 0x00007ffb5cc7a000 	C:\WINDOWS\WinSxS\amd64_microsoft.windows.common-controls_6595b64144ccf1df_6.0.19041.1110_none_60b5254171f9507e\COMCTL32.dll
0x00007ffb70350000 - 0x00007ffb703ee000 	C:\WINDOWS\System32\msvcrt.dll
0x00007ffb70710000 - 0x00007ffb70740000 	C:\WINDOWS\System32\IMM32.DLL
0x00007ffb65270000 - 0x00007ffb6527c000 	C:\Users\Miljana\.jdks\openjdk-16.0.2\bin\vcruntime140_1.dll
0x00007ffb3cf10000 - 0x00007ffb3cfa1000 	C:\Users\Miljana\.jdks\openjdk-16.0.2\bin\msvcp140.dll
0x00007ffb06910000 - 0x00007ffb074bb000 	C:\Users\Miljana\.jdks\openjdk-16.0.2\bin\server\jvm.dll
0x00007ffb70650000 - 0x00007ffb706fc000 	C:\WINDOWS\System32\ADVAPI32.dll
0x00007ffb708f0000 - 0x00007ffb7098b000 	C:\WINDOWS\System32\sechost.dll
0x00007ffb70990000 - 0x00007ffb70aba000 	C:\WINDOWS\System32\RPCRT4.dll
0x00007ffb6fec0000 - 0x00007ffb6fec8000 	C:\WINDOWS\System32\PSAPI.DLL
0x00007ffb4d590000 - 0x00007ffb4d599000 	C:\WINDOWS\SYSTEM32\WSOCK32.dll
0x00007ffb6fc70000 - 0x00007ffb6fcdb000 	C:\WINDOWS\System32\WS2_32.dll
0x00007ffb4e6d0000 - 0x00007ffb4e6f7000 	C:\WINDOWS\SYSTEM32\WINMM.dll
0x00007ffb65650000 - 0x00007ffb6565a000 	C:\WINDOWS\SYSTEM32\VERSION.dll
0x00007ffb6cf10000 - 0x00007ffb6cf22000 	C:\WINDOWS\SYSTEM32\kernel.appcore.dll
0x00007ffb4cd50000 - 0x00007ffb4cd5a000 	C:\Users\Miljana\.jdks\openjdk-16.0.2\bin\jimage.dll
0x00007ffb6c4a0000 - 0x00007ffb6c684000 	C:\WINDOWS\SYSTEM32\DBGHELP.DLL
0x00007ffb63600000 - 0x00007ffb6362c000 	C:\WINDOWS\SYSTEM32\dbgcore.DLL
0x00007ffb6ee70000 - 0x00007ffb6eef3000 	C:\WINDOWS\System32\bcryptPrimitives.dll
0x00007ffb4bb00000 - 0x00007ffb4bb0e000 	C:\Users\Miljana\.jdks\openjdk-16.0.2\bin\instrument.dll
0x00007ffb461e0000 - 0x00007ffb46205000 	C:\Users\Miljana\.jdks\openjdk-16.0.2\bin\java.dll
0x00007ffb6efc0000 - 0x00007ffb6f6ff000 	C:\WINDOWS\System32\SHELL32.dll
0x00007ffb6c690000 - 0x00007ffb6ce20000 	C:\WINDOWS\SYSTEM32\windows.storage.dll
0x00007ffb6f910000 - 0x00007ffb6fc65000 	C:\WINDOWS\System32\combase.dll
0x00007ffb6e0e0000 - 0x00007ffb6e10c000 	C:\WINDOWS\SYSTEM32\Wldp.dll
0x00007ffb70400000 - 0x00007ffb704ae000 	C:\WINDOWS\System32\SHCORE.dll
0x00007ffb70ed0000 - 0x00007ffb70f25000 	C:\WINDOWS\System32\shlwapi.dll
0x00007ffb6e5d0000 - 0x00007ffb6e5ef000 	C:\WINDOWS\SYSTEM32\profapi.dll
0x00007ffb461a0000 - 0x00007ffb461b8000 	C:\Users\Miljana\.jdks\openjdk-16.0.2\bin\zip.dll
0x00007ffb49510000 - 0x00007ffb49529000 	C:\Users\Miljana\.jdks\openjdk-16.0.2\bin\net.dll
0x00007ffb62000000 - 0x00007ffb62108000 	C:\WINDOWS\SYSTEM32\WINHTTP.dll
0x00007ffb6de40000 - 0x00007ffb6deaa000 	C:\WINDOWS\system32\mswsock.dll
0x00007ffb461c0000 - 0x00007ffb461d3000 	C:\Users\Miljana\.jdks\openjdk-16.0.2\bin\nio.dll
0x00007ffb42520000 - 0x00007ffb4253a000 	C:\Program Files\JetBrains\IntelliJ IDEA Community Edition 2021.1.3\bin\breakgen64.dll
0x00007ffb4baf0000 - 0x00007ffb4bb00000 	C:\Users\Miljana\.jdks\openjdk-16.0.2\bin\verify.dll
0x00007ffb46140000 - 0x00007ffb46149000 	C:\Users\Miljana\.jdks\openjdk-16.0.2\bin\management.dll
0x00007ffb460e0000 - 0x00007ffb460eb000 	C:\Users\Miljana\.jdks\openjdk-16.0.2\bin\management_ext.dll
0x00007ffb3d1a0000 - 0x00007ffb3d1b7000 	C:\WINDOWS\system32\napinsp.dll
0x00007ffb3d180000 - 0x00007ffb3d19b000 	C:\WINDOWS\system32\pnrpnsp.dll
0x00007ffb3d160000 - 0x00007ffb3d175000 	C:\WINDOWS\system32\wshbth.dll
0x00007ffb65450000 - 0x00007ffb6546d000 	C:\WINDOWS\system32\NLAapi.dll
0x00007ffb6dae0000 - 0x00007ffb6db1b000 	C:\WINDOWS\SYSTEM32\IPHLPAPI.DLL
0x00007ffb6db30000 - 0x00007ffb6dbfc000 	C:\WINDOWS\SYSTEM32\DNSAPI.dll
0x00007ffb70700000 - 0x00007ffb70708000 	C:\WINDOWS\System32\NSI.dll
0x00007ffb3d0f0000 - 0x00007ffb3d102000 	C:\WINDOWS\System32\winrnr.dll
0x00007ffb61fa0000 - 0x00007ffb61faa000 	C:\Windows\System32\rasadhlp.dll
0x00007ffb62220000 - 0x00007ffb6229f000 	C:\WINDOWS\System32\fwpuclnt.dll
0x00007ffb6ef00000 - 0x00007ffb6ef27000 	C:\WINDOWS\System32\bcrypt.dll
0x00007ffb6e030000 - 0x00007ffb6e048000 	C:\WINDOWS\SYSTEM32\CRYPTSP.dll
0x00007ffb6d750000 - 0x00007ffb6d784000 	C:\WINDOWS\system32\rsaenh.dll
0x00007ffb6e590000 - 0x00007ffb6e5be000 	C:\WINDOWS\SYSTEM32\USERENV.dll
0x00007ffb6e050000 - 0x00007ffb6e05c000 	C:\WINDOWS\SYSTEM32\CRYPTBASE.dll
0x00007ffb63b40000 - 0x00007ffb63b57000 	C:\WINDOWS\SYSTEM32\dhcpcsvc6.DLL
0x00007ffb64430000 - 0x00007ffb6444d000 	C:\WINDOWS\SYSTEM32\dhcpcsvc.DLL
0x00007ffb45f90000 - 0x00007ffb45f9e000 	C:\Users\Miljana\.jdks\openjdk-16.0.2\bin\sunmscapi.dll
0x00007ffb6e690000 - 0x00007ffb6e7e6000 	C:\WINDOWS\System32\CRYPT32.dll
0x00007ffb6e150000 - 0x00007ffb6e177000 	C:\WINDOWS\SYSTEM32\ncrypt.dll
0x00007ffb6e110000 - 0x00007ffb6e14b000 	C:\WINDOWS\SYSTEM32\NTASN1.dll

dbghelp: loaded successfully - version: 4.0.5 - missing functions: none
symbol engine: initialized successfully - sym options: 0x614 - pdb path: .;C:\Users\Miljana\.jdks\openjdk-16.0.2\bin;C:\WINDOWS\SYSTEM32;C:\WINDOWS\WinSxS\amd64_microsoft.windows.common-controls_6595b64144ccf1df_6.0.19041.1110_none_60b5254171f9507e;C:\Users\Miljana\.jdks\openjdk-16.0.2\bin\server;C:\Program Files\JetBrains\IntelliJ IDEA Community Edition 2021.1.3\bin

VM Arguments:
jvm_args: -javaagent:C:\Program Files\JetBrains\IntelliJ IDEA Community Edition 2021.1.3\lib\idea_rt.jar=64658:C:\Program Files\JetBrains\IntelliJ IDEA Community Edition 2021.1.3\bin -Dfile.encoding=UTF-8 
java_command: com.bootcamp.CarAgency.CarAgencyApplication
java_class_path (initial): C:\Users\Miljana\IdeaProjects\CarAgency\target\classes;C:\Users\Miljana\.m2\repository\org\springframework\boot\spring-boot-starter-web\2.5.5\spring-boot-starter-web-2.5.5.jar;C:\Users\Miljana\.m2\repository\org\springframework\boot\spring-boot-starter\2.5.5\spring-boot-starter-2.5.5.jar;C:\Users\Miljana\.m2\repository\org\springframework\boot\spring-boot\2.5.5\spring-boot-2.5.5.jar;C:\Users\Miljana\.m2\repository\org\springframework\boot\spring-boot-autoconfigure\2.5.5\spring-boot-autoconfigure-2.5.5.jar;C:\Users\Miljana\.m2\repository\org\springframework\boot\spring-boot-starter-logging\2.5.5\spring-boot-starter-logging-2.5.5.jar;C:\Users\Miljana\.m2\repository\ch\qos\logback\logback-classic\1.2.6\logback-classic-1.2.6.jar;C:\Users\Miljana\.m2\repository\ch\qos\logback\logback-core\1.2.6\logback-core-1.2.6.jar;C:\Users\Miljana\.m2\repository\org\apache\logging\log4j\log4j-to-slf4j\2.14.1\log4j-to-slf4j-2.14.1.jar;C:\Users\Miljana\.m2\repository\org\apache\logging\log4j\log4j-api\2.14.1\log4j-api-2.14.1.jar;C:\Users\Miljana\.m2\repository\org\slf4j\jul-to-slf4j\1.7.32\jul-to-slf4j-1.7.32.jar;C:\Users\Miljana\.m2\repository\jakarta\annotation\jakarta.annotation-api\1.3.5\jakarta.annotation-api-1.3.5.jar;C:\Users\Miljana\.m2\repository\org\yaml\snakeyaml\1.28\snakeyaml-1.28.jar;C:\Users\Miljana\.m2\repository\org\springframework\boot\spring-boot-starter-json\2.5.5\spring-boot-starter-json-2.5.5.jar;C:\Users\Miljana\.m2\repository\com\fasterxml\jackson\core\jackson-databind\2.12.5\jackson-databind-2.12.5.jar;C:\Users\Miljana\.m2\repository\com\fasterxml\jackson\core\jackson-annotations\2.12.5\jackson-annotations-2.12.5.jar;C:\Users\Miljana\.m2\repository\com\fasterxml\jackson\core\jackson-core\2.12.5\jackson-core-2.12.5.jar;C:\Users\Miljana\.m2\repository\com\fasterxml\jackson\datatype\jackson-datatype-jdk8\2.12.5\jackson-datatype-jdk8-2.12.5.jar;C:\Users\Miljana\.m2\repository\com\fasterxml\jackson\datatype\jackson-datatype-jsr310\2.12.5\
Launcher Type: SUN_STANDARD

[Global flags]
     intx CICompilerCount                          = 3                                         {product} {ergonomic}
     uint ConcGCThreads                            = 1                                         {product} {ergonomic}
     uint G1ConcRefinementThreads                  = 4                                         {product} {ergonomic}
   size_t G1HeapRegionSize                         = 1048576                                   {product} {ergonomic}
    uintx GCDrainStackTargetSize                   = 64                                        {product} {ergonomic}
   size_t InitialHeapSize                          = 134217728                                 {product} {ergonomic}
   size_t MarkStackSize                            = 4194304                                   {product} {ergonomic}
   size_t MaxHeapSize                              = 2122317824                                {product} {ergonomic}
   size_t MaxNewSize                               = 1272971264                                {product} {ergonomic}
   size_t MinHeapDeltaBytes                        = 1048576                                   {product} {ergonomic}
   size_t MinHeapSize                              = 8388608                                   {product} {ergonomic}
    uintx NonNMethodCodeHeapSize                   = 5832780                                {pd product} {ergonomic}
    uintx NonProfiledCodeHeapSize                  = 122912730                              {pd product} {ergonomic}
    uintx ProfiledCodeHeapSize                     = 122912730                              {pd product} {ergonomic}
    uintx ReservedCodeCacheSize                    = 251658240                              {pd product} {ergonomic}
     bool SegmentedCodeCache                       = true                                      {product} {ergonomic}
   size_t SoftMaxHeapSize                          = 2122317824                             {manageable} {ergonomic}
     bool UseCompressedClassPointers               = true                           {product lp64_product} {ergonomic}
     bool UseCompressedOops                        = true                           {product lp64_product} {ergonomic}
     bool UseG1GC                                  = true                                      {product} {ergonomic}
     bool UseLargePagesIndividualAllocation        = false                                  {pd product} {ergonomic}

Logging:
Log output configuration:
 #0: stdout all=warning uptime,level,tags
 #1: stderr all=off uptime,level,tags

Environment Variables:
JAVA_HOME=C:\Program Files\Java\jdk-14.0.1
CLASSPATH=C:\Program Files (x86)\MySQL\Connector J 8.0\mysql-connector-java-8.0.23.jar
PATH=C:\Python39\Scripts\;C:\Python39\;C:\Program Files\Common Files\Oracle\Java\javapath;C:\Program Files (x86)\Common Files\Oracle\Java\javapath;C:\Python38\Scripts\;C:\Python38\;C:\WINDOWS\system32;C:\WINDOWS;C:\WINDOWS\System32\Wbem;C:\WINDOWS\System32\WindowsPowerShell\v1.0\;C:\WINDOWS\System32\OpenSSH\;C:\ProgramData\chocolatey\bin;C:\Program Files (x86)\Microsoft SQL Server\150\DTS\Binn\;C:\Program Files\Microsoft SQL Server\Client SDK\ODBC\170\Tools\Binn\;C:\Program Files (x86)\Microsoft SQL Server\150\Tools\Binn\;C:\Program Files\Microsoft SQL Server\150\Tools\Binn\;C:\Program Files\Microsoft SQL Server\150\DTS\Binn\;C:\Program Files\Java\jdk-14.0.1\bin;C:\Program Files\apache-maven-3.8.1\bin\bin;C:\Program Files\Git\cmd;C:\Program Files\nodejs\;C:\Program Files\MySQL\MySQL Shell 8.0\bin\;C:\Users\Miljana\AppData\Local\Microsoft\WindowsApps;C:\Users\Miljana\AppData\Local\Programs\Microsoft VS Code\bin;C:\Users\Miljana\AppData\Roaming\npm
USERNAME=Miljana
OS=Windows_NT
PROCESSOR_IDENTIFIER=Intel64 Family 6 Model 142 Stepping 9, GenuineIntel



---------------  S Y S T E M  ---------------

OS:
 Windows 10 , 64 bit Build 19041 (10.0.19041.1202)
OS uptime: 24 days 15:34 hours

CPU: total 4 (initial active 4) (2 cores per cpu, 2 threads per core) family 6 model 142 stepping 9 microcode 0xea, cx8, cmov, fxsr, ht, mmx, 3dnowpref, sse, sse2, sse3, ssse3, sse4.1, sse4.2, popcnt, lzcnt, tsc, tscinvbit, avx, avx2, aes, erms, clmul, bmi1, bmi2, adx, fma, vzeroupper, clflush, clflushopt

Memory: 4k page, system-wide physical 8089M (666M free)
TotalPageFile size 17051M (AvailPageFile size 3M)
current process WorkingSet (physical memory assigned to process): 135M, peak: 152M
current process commit charge ("private bytes"): 170M, peak: 274M

vm_info: OpenJDK 64-Bit Server VM (16.0.2+7-67) for windows-amd64 JRE (16.0.2+7-67), built on Jun  8 2021 23:21:43 by "mach5one" with MS VC++ 16.7 (VS2019)

END.
